0 verbose cli /usr/local/bin/node /usr/local/bin/npm
1 info using npm@10.8.2
2 info using node@v20.18.0
3 silly config load:file:/usr/local/lib/node_modules/npm/npmrc
4 silly config load:file:/Users/sa/Documents/Projects/yanissimo-website/.npmrc
5 silly config load:file:/Users/sa/.npmrc
6 silly config load:file:/Users/sa/.npm-global/etc/npmrc
7 verbose title npm install .npm-cache
8 verbose argv "install" "--cache" "./" ".npm-cache"
9 verbose logfile logs-max:10 dir:/Users/sa/Documents/Projects/yanissimo-website/_logs/2025-09-20T12_39_36_229Z-
10 verbose logfile /Users/sa/Documents/Projects/yanissimo-website/_logs/2025-09-20T12_39_36_229Z-debug-0.log
11 silly packumentCache heap:2197815296 maxSize:549453824 maxEntrySize:274726912
12 silly logfile done cleaning log files
13 verbose stack Error: Could not read package.json: Error: ENOENT: no such file or directory, open '/Users/sa/Documents/Projects/yanissimo-website/.npm-cache/package.json'
13 verbose stack     at async open (node:internal/fs/promises:639:25)
13 verbose stack     at async readFile (node:internal/fs/promises:1242:14)
13 verbose stack     at async read (/usr/local/lib/node_modules/npm/node_modules/@npmcli/package-json/lib/read-package.js:9:18)
13 verbose stack     at async PackageJson.load (/usr/local/lib/node_modules/npm/node_modules/@npmcli/package-json/lib/index.js:130:31)
13 verbose stack     at async PackageJson.normalize (/usr/local/lib/node_modules/npm/node_modules/@npmcli/package-json/lib/index.js:116:5)
13 verbose stack     at async /usr/local/lib/node_modules/npm/node_modules/@npmcli/arborist/lib/arborist/build-ideal-tree.js:512:22
13 verbose stack     at async Promise.all (index 0)
13 verbose stack     at async #add (/usr/local/lib/node_modules/npm/node_modules/@npmcli/arborist/lib/arborist/build-ideal-tree.js:501:5)
13 verbose stack     at async #applyUserRequestsToNode (/usr/local/lib/node_modules/npm/node_modules/@npmcli/arborist/lib/arborist/build-ideal-tree.js:470:7)
13 verbose stack     at async #applyUserRequests (/usr/local/lib/node_modules/npm/node_modules/@npmcli/arborist/lib/arborist/build-ideal-tree.js:405:7)
14 error code ENOENT
15 error syscall open
16 error path /Users/sa/Documents/Projects/yanissimo-website/.npm-cache/package.json
17 error errno -2
18 error enoent Could not read package.json: Error: ENOENT: no such file or directory, open '/Users/sa/Documents/Projects/yanissimo-website/.npm-cache/package.json'
19 error enoent This is related to npm not being able to find a file.
19 error enoent
20 silly unfinished npm timer reify 1758371976461
21 silly unfinished npm timer reify:loadTrees 1758371976494
22 silly unfinished npm timer idealTree:userRequests 1758371976500
23 verbose cwd /Users/sa/Documents/Projects/yanissimo-website
24 verbose os Darwin 24.0.0
25 verbose node v20.18.0
26 verbose npm  v10.8.2
27 verbose exit -2
28 verbose code -2
29 error A complete log of this run can be found in: /Users/sa/Documents/Projects/yanissimo-website/_logs/2025-09-20T12_39_36_229Z-debug-0.log
