0 verbose cli /usr/local/bin/node /usr/local/bin/npm
1 info using npm@10.8.2
2 info using node@v20.18.0
3 silly config load:file:/usr/local/lib/node_modules/npm/npmrc
4 silly config load:file:/Users/sa/Documents/Projects/yanissimo-website/.npmrc
5 silly config load:file:/Users/sa/.npmrc
6 silly config load:file:/Users/sa/.npm-global/etc/npmrc
7 verbose title npm install @radix-ui/react-slot @radix-ui/react-accordion @radix-ui/react-separator
8 verbose argv "install" "@radix-ui/react-slot" "@radix-ui/react-accordion" "@radix-ui/react-separator"
9 verbose logfile logs-max:10 dir:/Users/sa/Documents/Projects/yanissimo-website/.npm-cache/_logs/2025-09-20T12_50_45_264Z-
10 verbose logfile /Users/sa/Documents/Projects/yanissimo-website/.npm-cache/_logs/2025-09-20T12_50_45_264Z-debug-0.log
11 silly packumentCache heap:2197815296 maxSize:549453824 maxEntrySize:274726912
12 silly logfile done cleaning log files
13 silly idealTree buildDeps
14 silly fetch manifest @radix-ui/react-slot@*
15 silly packumentCache full:https://registry.npmjs.org/@radix-ui%2freact-slot cache-miss
16 http fetch GET 200 https://registry.npmjs.org/@radix-ui%2freact-slot 243ms (cache miss)
17 silly packumentCache full:https://registry.npmjs.org/@radix-ui%2freact-slot set size:undefined disposed:false
18 silly fetch manifest @types/react@^19
19 silly packumentCache full:https://registry.npmjs.org/@types%2freact cache-miss
20 http fetch GET 200 https://registry.npmjs.org/@types%2freact 71ms (cache revalidated)
21 silly packumentCache full:https://registry.npmjs.org/@types%2freact set size:2455470 disposed:false
22 silly fetch manifest react@19.1.0
23 silly packumentCache full:https://registry.npmjs.org/react cache-miss
24 http fetch GET 200 https://registry.npmjs.org/react 13ms (cache hit)
25 silly packumentCache full:https://registry.npmjs.org/react set size:6068774 disposed:false
26 silly fetch manifest @radix-ui/react-accordion@*
27 silly packumentCache full:https://registry.npmjs.org/@radix-ui%2freact-accordion cache-miss
28 http fetch GET 200 https://registry.npmjs.org/@radix-ui%2freact-accordion 110ms (cache miss)
29 silly packumentCache full:https://registry.npmjs.org/@radix-ui%2freact-accordion set size:undefined disposed:false
30 silly fetch manifest @types/react-dom@^19
31 silly packumentCache full:https://registry.npmjs.org/@types%2freact-dom cache-miss
32 http fetch GET 200 https://registry.npmjs.org/@types%2freact-dom 70ms (cache revalidated)
33 silly packumentCache full:https://registry.npmjs.org/@types%2freact-dom set size:412146 disposed:false
34 silly fetch manifest react-dom@19.1.0
35 silly packumentCache full:https://registry.npmjs.org/react-dom cache-miss
36 http fetch GET 200 https://registry.npmjs.org/react-dom 15ms (cache hit)
37 silly packumentCache full:https://registry.npmjs.org/react-dom set size:7871383 disposed:false
38 silly fetch manifest @radix-ui/react-separator@*
39 silly packumentCache full:https://registry.npmjs.org/@radix-ui%2freact-separator cache-miss
40 http fetch GET 200 https://registry.npmjs.org/@radix-ui%2freact-separator 79ms (cache miss)
41 silly packumentCache full:https://registry.npmjs.org/@radix-ui%2freact-separator set size:undefined disposed:false
42 silly placeDep ROOT @radix-ui/react-accordion@1.2.12 OK for: yanissimo-website@0.1.0 want: *
43 silly placeDep ROOT @radix-ui/react-separator@1.1.7 OK for: yanissimo-website@0.1.0 want: *
44 silly placeDep ROOT @radix-ui/react-slot@1.2.3 OK for: yanissimo-website@0.1.0 want: *
45 silly fetch manifest @radix-ui/react-id@1.1.1
46 silly packumentCache full:https://registry.npmjs.org/@radix-ui%2freact-id cache-miss
47 silly fetch manifest @radix-ui/primitive@1.1.3
48 silly packumentCache full:https://registry.npmjs.org/@radix-ui%2fprimitive cache-miss
49 silly fetch manifest @radix-ui/react-context@1.1.2
50 silly packumentCache full:https://registry.npmjs.org/@radix-ui%2freact-context cache-miss
51 silly fetch manifest @radix-ui/react-direction@1.1.1
52 silly packumentCache full:https://registry.npmjs.org/@radix-ui%2freact-direction cache-miss
53 silly fetch manifest @radix-ui/react-primitive@2.1.3
54 silly packumentCache full:https://registry.npmjs.org/@radix-ui%2freact-primitive cache-miss
55 silly fetch manifest @radix-ui/react-collection@1.1.7
56 silly packumentCache full:https://registry.npmjs.org/@radix-ui%2freact-collection cache-miss
57 silly fetch manifest @radix-ui/react-collapsible@1.1.12
58 silly packumentCache full:https://registry.npmjs.org/@radix-ui%2freact-collapsible cache-miss
59 http fetch GET 200 https://registry.npmjs.org/@radix-ui%2freact-id 107ms (cache miss)
60 silly packumentCache full:https://registry.npmjs.org/@radix-ui%2freact-id set size:undefined disposed:false
61 silly fetch manifest @radix-ui/react-compose-refs@1.1.2
62 silly packumentCache full:https://registry.npmjs.org/@radix-ui%2freact-compose-refs cache-miss
63 http fetch GET 200 https://registry.npmjs.org/@radix-ui%2freact-collapsible 217ms (cache miss)
64 silly packumentCache full:https://registry.npmjs.org/@radix-ui%2freact-collapsible set size:undefined disposed:false
65 silly fetch manifest @radix-ui/react-use-controllable-state@1.2.2
66 silly packumentCache full:https://registry.npmjs.org/@radix-ui%2freact-use-controllable-state cache-miss
67 http fetch GET 200 https://registry.npmjs.org/@radix-ui%2freact-compose-refs 130ms (cache miss)
68 silly packumentCache full:https://registry.npmjs.org/@radix-ui%2freact-compose-refs set size:undefined disposed:false
69 silly fetch manifest @radix-ui/react-primitive@2.1.3
70 silly packumentCache full:https://registry.npmjs.org/@radix-ui%2freact-primitive cache-miss
71 http fetch GET 200 https://registry.npmjs.org/@radix-ui%2freact-direction 243ms (cache miss)
72 silly packumentCache full:https://registry.npmjs.org/@radix-ui%2freact-direction set size:undefined disposed:false
73 http fetch GET 200 https://registry.npmjs.org/@radix-ui%2freact-primitive 331ms (cache miss)
74 silly packumentCache full:https://registry.npmjs.org/@radix-ui%2freact-primitive set size:undefined disposed:false
75 http fetch GET 200 https://registry.npmjs.org/@radix-ui%2freact-primitive 107ms (cache miss)
76 silly packumentCache full:https://registry.npmjs.org/@radix-ui%2freact-primitive set size:undefined disposed:false
77 http fetch GET 200 https://registry.npmjs.org/@radix-ui%2freact-use-controllable-state 133ms (cache miss)
78 silly packumentCache full:https://registry.npmjs.org/@radix-ui%2freact-use-controllable-state set size:undefined disposed:false
79 http fetch GET 200 https://registry.npmjs.org/@radix-ui%2fprimitive 365ms (cache miss)
80 silly packumentCache full:https://registry.npmjs.org/@radix-ui%2fprimitive set size:undefined disposed:false
81 http fetch GET 200 https://registry.npmjs.org/@radix-ui%2freact-context 382ms (cache miss)
82 silly packumentCache full:https://registry.npmjs.org/@radix-ui%2freact-context set size:undefined disposed:false
83 http fetch GET 200 https://registry.npmjs.org/@radix-ui%2freact-collection 872ms (cache miss)
84 silly packumentCache full:https://registry.npmjs.org/@radix-ui%2freact-collection set size:undefined disposed:false
85 silly fetch manifest @types/react@*
86 silly packumentCache full:https://registry.npmjs.org/@types%2freact cache-miss
87 http fetch GET 200 https://registry.npmjs.org/@types%2freact 8ms (cache hit)
88 silly packumentCache full:https://registry.npmjs.org/@types%2freact set size:2455470 disposed:false
89 silly fetch manifest react@^16.8 || ^17.0 || ^18.0 || ^19.0 || ^19.0.0-rc
90 silly packumentCache full:https://registry.npmjs.org/react cache-miss
91 http fetch GET 200 https://registry.npmjs.org/react 13ms (cache hit)
92 silly packumentCache full:https://registry.npmjs.org/react set size:6068774 disposed:false
93 silly fetch manifest @types/react-dom@*
94 silly packumentCache full:https://registry.npmjs.org/@types%2freact-dom cache-hit
95 silly fetch manifest react-dom@^16.8 || ^17.0 || ^18.0 || ^19.0 || ^19.0.0-rc
96 silly packumentCache full:https://registry.npmjs.org/react-dom cache-miss
97 http fetch GET 200 https://registry.npmjs.org/react-dom 9ms (cache hit)
98 silly packumentCache full:https://registry.npmjs.org/react-dom set size:7871383 disposed:false
99 silly placeDep ROOT @radix-ui/primitive@1.1.3 OK for: @radix-ui/react-accordion@1.2.12 want: 1.1.3
100 silly placeDep ROOT @radix-ui/react-collapsible@1.1.12 OK for: @radix-ui/react-accordion@1.2.12 want: 1.1.12
101 silly placeDep ROOT @radix-ui/react-collection@1.1.7 OK for: @radix-ui/react-accordion@1.2.12 want: 1.1.7
102 silly placeDep ROOT @radix-ui/react-compose-refs@1.1.2 OK for: @radix-ui/react-accordion@1.2.12 want: 1.1.2
103 silly placeDep ROOT @radix-ui/react-context@1.1.2 OK for: @radix-ui/react-accordion@1.2.12 want: 1.1.2
104 silly placeDep ROOT @radix-ui/react-direction@1.1.1 OK for: @radix-ui/react-accordion@1.2.12 want: 1.1.1
105 silly placeDep ROOT @radix-ui/react-id@1.1.1 OK for: @radix-ui/react-accordion@1.2.12 want: 1.1.1
106 silly placeDep ROOT @radix-ui/react-primitive@2.1.3 OK for: @radix-ui/react-accordion@1.2.12 want: 2.1.3
107 silly placeDep ROOT @radix-ui/react-use-controllable-state@1.2.2 OK for: @radix-ui/react-accordion@1.2.12 want: 1.2.2
108 silly fetch manifest @radix-ui/react-presence@1.1.5
109 silly packumentCache full:https://registry.npmjs.org/@radix-ui%2freact-presence cache-miss
110 silly fetch manifest @radix-ui/react-use-layout-effect@1.1.1
111 silly packumentCache full:https://registry.npmjs.org/@radix-ui%2freact-use-layout-effect cache-miss
112 silly fetch manifest @radix-ui/react-use-layout-effect@1.1.1
113 silly packumentCache full:https://registry.npmjs.org/@radix-ui%2freact-use-layout-effect cache-miss
114 silly fetch manifest @radix-ui/react-use-effect-event@0.0.2
115 silly packumentCache full:https://registry.npmjs.org/@radix-ui%2freact-use-effect-event cache-miss
116 silly fetch manifest @radix-ui/react-use-layout-effect@1.1.1
117 silly packumentCache full:https://registry.npmjs.org/@radix-ui%2freact-use-layout-effect cache-miss
118 http fetch GET 200 https://registry.npmjs.org/@radix-ui%2freact-presence 100ms (cache miss)
119 silly packumentCache full:https://registry.npmjs.org/@radix-ui%2freact-presence set size:undefined disposed:false
120 http fetch GET 200 https://registry.npmjs.org/@radix-ui%2freact-use-effect-event 105ms (cache miss)
121 silly packumentCache full:https://registry.npmjs.org/@radix-ui%2freact-use-effect-event set size:undefined disposed:false
122 http fetch GET 200 https://registry.npmjs.org/@radix-ui%2freact-use-layout-effect 106ms (cache miss)
123 silly packumentCache full:https://registry.npmjs.org/@radix-ui%2freact-use-layout-effect set size:undefined disposed:false
124 http fetch GET 200 https://registry.npmjs.org/@radix-ui%2freact-use-layout-effect 199ms (cache miss)
125 silly packumentCache full:https://registry.npmjs.org/@radix-ui%2freact-use-layout-effect set size:undefined disposed:false
126 http fetch GET 200 https://registry.npmjs.org/@radix-ui%2freact-use-layout-effect 262ms (cache miss)
127 silly packumentCache full:https://registry.npmjs.org/@radix-ui%2freact-use-layout-effect set size:undefined disposed:false
128 silly placeDep ROOT @radix-ui/react-presence@1.1.5 OK for: @radix-ui/react-collapsible@1.1.12 want: 1.1.5
129 silly placeDep ROOT @radix-ui/react-use-layout-effect@1.1.1 OK for: @radix-ui/react-collapsible@1.1.12 want: 1.1.1
130 silly placeDep ROOT @radix-ui/react-use-effect-event@0.0.2 OK for: @radix-ui/react-use-controllable-state@1.2.2 want: 0.0.2
131 silly reify moves {}
132 verbose reify failed optional dependency /Users/sa/Documents/Projects/yanissimo-website/node_modules/@tailwindcss/oxide-wasm32-wasi
133 silly reify mark deleted [
133 silly reify   '/Users/sa/Documents/Projects/yanissimo-website/node_modules/@tailwindcss/oxide-wasm32-wasi'
133 silly reify ]
134 silly audit bulk request {
134 silly audit   '@alloc/quick-lru': [ '5.2.0' ],
134 silly audit   '@emnapi/core': [ '1.5.0' ],
134 silly audit   '@emnapi/runtime': [ '1.5.0' ],
134 silly audit   '@emnapi/wasi-threads': [ '1.1.0' ],
134 silly audit   '@eslint-community/eslint-utils': [ '4.9.0' ],
134 silly audit   'eslint-visitor-keys': [ '3.4.3', '4.2.1' ],
134 silly audit   '@eslint-community/regexpp': [ '4.12.1' ],
134 silly audit   '@eslint/config-array': [ '0.21.0' ],
134 silly audit   '@eslint/config-helpers': [ '0.3.1' ],
134 silly audit   '@eslint/core': [ '0.15.2' ],
134 silly audit   '@eslint/eslintrc': [ '3.3.1' ],
134 silly audit   '@eslint/js': [ '9.36.0' ],
134 silly audit   '@eslint/object-schema': [ '2.1.6' ],
134 silly audit   '@eslint/plugin-kit': [ '0.3.5' ],
134 silly audit   '@humanfs/core': [ '0.19.1' ],
134 silly audit   '@humanfs/node': [ '0.16.7' ],
134 silly audit   '@humanwhocodes/module-importer': [ '1.0.1' ],
134 silly audit   '@humanwhocodes/retry': [ '0.4.3' ],
134 silly audit   '@img/colour': [ '1.0.0' ],
134 silly audit   '@img/sharp-darwin-arm64': [ '0.34.4' ],
134 silly audit   '@img/sharp-darwin-x64': [ '0.34.4' ],
134 silly audit   '@img/sharp-libvips-darwin-arm64': [ '1.2.3' ],
134 silly audit   '@img/sharp-libvips-darwin-x64': [ '1.2.3' ],
134 silly audit   '@img/sharp-libvips-linux-arm': [ '1.2.3' ],
134 silly audit   '@img/sharp-libvips-linux-arm64': [ '1.2.3' ],
134 silly audit   '@img/sharp-libvips-linux-ppc64': [ '1.2.3' ],
134 silly audit   '@img/sharp-libvips-linux-s390x': [ '1.2.3' ],
134 silly audit   '@img/sharp-libvips-linux-x64': [ '1.2.3' ],
134 silly audit   '@img/sharp-libvips-linuxmusl-arm64': [ '1.2.3' ],
134 silly audit   '@img/sharp-libvips-linuxmusl-x64': [ '1.2.3' ],
134 silly audit   '@img/sharp-linux-arm': [ '0.34.4' ],
134 silly audit   '@img/sharp-linux-arm64': [ '0.34.4' ],
134 silly audit   '@img/sharp-linux-ppc64': [ '0.34.4' ],
134 silly audit   '@img/sharp-linux-s390x': [ '0.34.4' ],
134 silly audit   '@img/sharp-linux-x64': [ '0.34.4' ],
134 silly audit   '@img/sharp-linuxmusl-arm64': [ '0.34.4' ],
134 silly audit   '@img/sharp-linuxmusl-x64': [ '0.34.4' ],
134 silly audit   '@img/sharp-wasm32': [ '0.34.4' ],
134 silly audit   '@img/sharp-win32-arm64': [ '0.34.4' ],
134 silly audit   '@img/sharp-win32-ia32': [ '0.34.4' ],
134 silly audit   '@img/sharp-win32-x64': [ '0.34.4' ],
134 silly audit   '@isaacs/fs-minipass': [ '4.0.1' ],
134 silly audit   '@jridgewell/gen-mapping': [ '0.3.13' ],
134 silly audit   '@jridgewell/remapping': [ '2.3.5' ],
134 silly audit   '@jridgewell/resolve-uri': [ '3.1.2' ],
134 silly audit   '@jridgewell/sourcemap-codec': [ '1.5.5' ],
134 silly audit   '@jridgewell/trace-mapping': [ '0.3.31' ],
134 silly audit   '@napi-rs/wasm-runtime': [ '0.2.12' ],
134 silly audit   '@next/env': [ '15.5.3' ],
134 silly audit   '@next/eslint-plugin-next': [ '15.5.3' ],
134 silly audit   '@next/swc-darwin-arm64': [ '15.5.3' ],
134 silly audit   '@next/swc-darwin-x64': [ '15.5.3' ],
134 silly audit   '@next/swc-linux-arm64-gnu': [ '15.5.3' ],
134 silly audit   '@next/swc-linux-arm64-musl': [ '15.5.3' ],
134 silly audit   '@next/swc-linux-x64-gnu': [ '15.5.3' ],
134 silly audit   '@next/swc-linux-x64-musl': [ '15.5.3' ],
134 silly audit   '@next/swc-win32-arm64-msvc': [ '15.5.3' ],
134 silly audit   '@next/swc-win32-x64-msvc': [ '15.5.3' ],
134 silly audit   '@nodelib/fs.scandir': [ '2.1.5' ],
134 silly audit   '@nodelib/fs.stat': [ '2.0.5' ],
134 silly audit   '@nodelib/fs.walk': [ '1.2.8' ],
134 silly audit   '@nolyfill/is-core-module': [ '1.0.39' ],
134 silly audit   '@rtsao/scc': [ '1.1.0' ],
134 silly audit   '@rushstack/eslint-patch': [ '1.12.0' ],
134 silly audit   '@swc/helpers': [ '0.5.15' ],
134 silly audit   '@tailwindcss/node': [ '4.1.13' ],
134 silly audit   '@tailwindcss/oxide': [ '4.1.13' ],
134 silly audit   '@tailwindcss/oxide-android-arm64': [ '4.1.13' ],
134 silly audit   '@tailwindcss/oxide-darwin-arm64': [ '4.1.13' ],
134 silly audit   '@tailwindcss/oxide-darwin-x64': [ '4.1.13' ],
134 silly audit   '@tailwindcss/oxide-freebsd-x64': [ '4.1.13' ],
134 silly audit   '@tailwindcss/oxide-linux-arm-gnueabihf': [ '4.1.13' ],
134 silly audit   '@tailwindcss/oxide-linux-arm64-gnu': [ '4.1.13' ],
134 silly audit   '@tailwindcss/oxide-linux-arm64-musl': [ '4.1.13' ],
134 silly audit   '@tailwindcss/oxide-linux-x64-gnu': [ '4.1.13' ],
134 silly audit   '@tailwindcss/oxide-linux-x64-musl': [ '4.1.13' ],
134 silly audit   '@tailwindcss/oxide-win32-arm64-msvc': [ '4.1.13' ],
134 silly audit   '@tailwindcss/oxide-win32-x64-msvc': [ '4.1.13' ],
134 silly audit   '@tailwindcss/postcss': [ '4.1.13' ],
134 silly audit   '@tybys/wasm-util': [ '0.10.1' ],
134 silly audit   '@types/estree': [ '1.0.8' ],
134 silly audit   '@types/json-schema': [ '7.0.15' ],
134 silly audit   '@types/json5': [ '0.0.29' ],
134 silly audit   '@types/node': [ '20.19.17' ],
134 silly audit   '@types/react': [ '19.1.13' ],
134 silly audit   '@types/react-dom': [ '19.1.9' ],
134 silly audit   '@typescript-eslint/eslint-plugin': [ '8.44.0' ],
134 silly audit   ignore: [ '7.0.5', '5.3.2' ],
134 silly audit   '@typescript-eslint/parser': [ '8.44.0' ],
134 silly audit   '@typescript-eslint/project-service': [ '8.44.0' ],
134 silly audit   '@typescript-eslint/scope-manager': [ '8.44.0' ],
134 silly audit   '@typescript-eslint/tsconfig-utils': [ '8.44.0' ],
134 silly audit   '@typescript-eslint/type-utils': [ '8.44.0' ],
134 silly audit   '@typescript-eslint/types': [ '8.44.0' ],
134 silly audit   '@typescript-eslint/typescript-estree': [ '8.44.0' ],
134 silly audit   'brace-expansion': [ '2.0.2', '1.1.12' ],
134 silly audit   'fast-glob': [ '3.3.3', '3.3.1' ],
134 silly audit   'glob-parent': [ '5.1.2', '6.0.2' ],
134 silly audit   minimatch: [ '9.0.5', '3.1.2' ],
134 silly audit   '@typescript-eslint/utils': [ '8.44.0' ],
134 silly audit   '@typescript-eslint/visitor-keys': [ '8.44.0' ],
134 silly audit   '@unrs/resolver-binding-android-arm-eabi': [ '1.11.1' ],
134 silly audit   '@unrs/resolver-binding-android-arm64': [ '1.11.1' ],
134 silly audit   '@unrs/resolver-binding-darwin-arm64': [ '1.11.1' ],
134 silly audit   '@unrs/resolver-binding-darwin-x64': [ '1.11.1' ],
134 silly audit   '@unrs/resolver-binding-freebsd-x64': [ '1.11.1' ],
134 silly audit   '@unrs/resolver-binding-linux-arm-gnueabihf': [ '1.11.1' ],
134 silly audit   '@unrs/resolver-binding-linux-arm-musleabihf': [ '1.11.1' ],
134 silly audit   '@unrs/resolver-binding-linux-arm64-gnu': [ '1.11.1' ],
134 silly audit   '@unrs/resolver-binding-linux-arm64-musl': [ '1.11.1' ],
134 silly audit   '@unrs/resolver-binding-linux-ppc64-gnu': [ '1.11.1' ],
134 silly audit   '@unrs/resolver-binding-linux-riscv64-gnu': [ '1.11.1' ],
134 silly audit   '@unrs/resolver-binding-linux-riscv64-musl': [ '1.11.1' ],
134 silly audit   '@unrs/resolver-binding-linux-s390x-gnu': [ '1.11.1' ],
134 silly audit   '@unrs/resolver-binding-linux-x64-gnu': [ '1.11.1' ],
134 silly audit   '@unrs/resolver-binding-linux-x64-musl': [ '1.11.1' ],
134 silly audit   '@unrs/resolver-binding-wasm32-wasi': [ '1.11.1' ],
134 silly audit   '@unrs/resolver-binding-win32-arm64-msvc': [ '1.11.1' ],
134 silly audit   '@unrs/resolver-binding-win32-ia32-msvc': [ '1.11.1' ],
134 silly audit   '@unrs/resolver-binding-win32-x64-msvc': [ '1.11.1' ],
134 silly audit   acorn: [ '8.15.0' ],
134 silly audit   'acorn-jsx': [ '5.3.2' ],
134 silly audit   ajv: [ '6.12.6' ],
134 silly audit   'ansi-styles': [ '4.3.0' ],
134 silly audit   argparse: [ '2.0.1' ],
134 silly audit   'aria-query': [ '5.3.2' ],
134 silly audit   'array-buffer-byte-length': [ '1.0.2' ],
134 silly audit   'array-includes': [ '3.1.9' ],
134 silly audit   'array.prototype.findlast': [ '1.2.5' ],
134 silly audit   'array.prototype.findlastindex': [ '1.2.6' ],
134 silly audit   'array.prototype.flat': [ '1.3.3' ],
134 silly audit   'array.prototype.flatmap': [ '1.3.3' ],
134 silly audit   'array.prototype.tosorted': [ '1.1.4' ],
134 silly audit   'arraybuffer.prototype.slice': [ '1.0.4' ],
134 silly audit   'ast-types-flow': [ '0.0.8' ],
134 silly audit   'async-function': [ '1.0.0' ],
134 silly audit   'available-typed-arrays': [ '1.0.7' ],
134 silly audit   'axe-core': [ '4.10.3' ],
134 silly audit   'axobject-query': [ '4.1.0' ],
134 silly audit   'balanced-match': [ '1.0.2' ],
134 silly audit   braces: [ '3.0.3' ],
134 silly audit   'call-bind': [ '1.0.8' ],
134 silly audit   'call-bind-apply-helpers': [ '1.0.2' ],
134 silly audit   'call-bound': [ '1.0.4' ],
134 silly audit   callsites: [ '3.1.0' ],
134 silly audit   'caniuse-lite': [ '1.0.30001743' ],
134 silly audit   chalk: [ '4.1.2' ],
134 silly audit   chownr: [ '3.0.0' ],
134 silly audit   'class-variance-authority': [ '0.7.1' ],
134 silly audit   'client-only': [ '0.0.1' ],
134 silly audit   clsx: [ '2.1.1' ],
134 silly audit   'color-convert': [ '2.0.1' ],
134 silly audit   'color-name': [ '1.1.4' ],
134 silly audit   'concat-map': [ '0.0.1' ],
134 silly audit   'cross-spawn': [ '7.0.6' ],
134 silly audit   csstype: [ '3.1.3' ],
134 silly audit   'damerau-levenshtein': [ '1.0.8' ],
134 silly audit   'data-view-buffer': [ '1.0.2' ],
134 silly audit   'data-view-byte-length': [ '1.0.2' ],
134 silly audit   'data-view-byte-offset': [ '1.0.1' ],
134 silly audit   debug: [ '4.4.3', '3.2.7' ],
134 silly audit   'deep-is': [ '0.1.4' ],
134 silly audit   'define-data-property': [ '1.1.4' ],
134 silly audit   'define-properties': [ '1.2.1' ],
134 silly audit   'detect-libc': [ '2.1.0' ],
134 silly audit   doctrine: [ '2.1.0' ],
134 silly audit   'dunder-proto': [ '1.0.1' ],
134 silly audit   'emoji-regex': [ '9.2.2' ],
134 silly audit   'enhanced-resolve': [ '5.18.3' ],
134 silly audit   'es-abstract': [ '1.24.0' ],
134 silly audit   'es-define-property': [ '1.0.1' ],
134 silly audit   'es-errors': [ '1.3.0' ],
134 silly audit   'es-iterator-helpers': [ '1.2.1' ],
134 silly audit   'es-object-atoms': [ '1.1.1' ],
134 silly audit   'es-set-tostringtag': [ '2.1.0' ],
134 silly audit   'es-shim-unscopables': [ '1.1.0' ],
134 silly audit   'es-to-primitive': [ '1.3.0' ],
134 silly audit   'escape-string-regexp': [ '4.0.0' ],
134 silly audit   eslint: [ '9.36.0' ],
134 silly audit   'eslint-config-next': [ '15.5.3' ],
134 silly audit   'eslint-import-resolver-node': [ '0.3.9' ],
134 silly audit   'eslint-import-resolver-typescript': [ '3.10.1' ],
134 silly audit   'eslint-module-utils': [ '2.12.1' ],
134 silly audit   'eslint-plugin-import': [ '2.32.0' ],
134 silly audit   semver: [ '6.3.1', '7.7.2' ],
134 silly audit   'eslint-plugin-jsx-a11y': [ '6.10.2' ],
134 silly audit   'eslint-plugin-react': [ '7.37.5' ],
134 silly audit   'eslint-plugin-react-hooks': [ '5.2.0' ],
134 silly audit   resolve: [ '2.0.0-next.5', '1.22.10' ],
134 silly audit   'eslint-scope': [ '8.4.0' ],
134 silly audit   espree: [ '10.4.0' ],
134 silly audit   esquery: [ '1.6.0' ],
134 silly audit   esrecurse: [ '4.3.0' ],
134 silly audit   estraverse: [ '5.3.0' ],
134 silly audit   esutils: [ '2.0.3' ],
134 silly audit   'fast-deep-equal': [ '3.1.3' ],
134 silly audit   'fast-json-stable-stringify': [ '2.1.0' ],
134 silly audit   'fast-levenshtein': [ '2.0.6' ],
134 silly audit   fastq: [ '1.19.1' ],
134 silly audit   'file-entry-cache': [ '8.0.0' ],
134 silly audit   'fill-range': [ '7.1.1' ],
134 silly audit   'find-up': [ '5.0.0' ],
134 silly audit   'flat-cache': [ '4.0.1' ],
134 silly audit   flatted: [ '3.3.3' ],
134 silly audit   'for-each': [ '0.3.5' ],
134 silly audit   'framer-motion': [ '12.23.16' ],
134 silly audit   'function-bind': [ '1.1.2' ],
134 silly audit   'function.prototype.name': [ '1.1.8' ],
134 silly audit   'functions-have-names': [ '1.2.3' ],
134 silly audit   'get-intrinsic': [ '1.3.0' ],
134 silly audit   'get-proto': [ '1.0.1' ],
134 silly audit   'get-symbol-description': [ '1.1.0' ],
134 silly audit   'get-tsconfig': [ '4.10.1' ],
134 silly audit   globals: [ '14.0.0' ],
134 silly audit   globalthis: [ '1.0.4' ],
134 silly audit   gopd: [ '1.2.0' ],
134 silly audit   'graceful-fs': [ '4.2.11' ],
134 silly audit   graphemer: [ '1.4.0' ],
134 silly audit   'has-bigints': [ '1.1.0' ],
134 silly audit   'has-flag': [ '4.0.0' ],
134 silly audit   'has-property-descriptors': [ '1.0.2' ],
134 silly audit   'has-proto': [ '1.2.0' ],
134 silly audit   'has-symbols': [ '1.1.0' ],
134 silly audit   'has-tostringtag': [ '1.0.2' ],
134 silly audit   hasown: [ '2.0.2' ],
134 silly audit   'import-fresh': [ '3.3.1' ],
134 silly audit   imurmurhash: [ '0.1.4' ],
134 silly audit   'internal-slot': [ '1.1.0' ],
134 silly audit   'is-array-buffer': [ '3.0.5' ],
134 silly audit   'is-async-function': [ '2.1.1' ],
134 silly audit   'is-bigint': [ '1.1.0' ],
134 silly audit   'is-boolean-object': [ '1.2.2' ],
134 silly audit   'is-bun-module': [ '2.0.0' ],
134 silly audit   'is-callable': [ '1.2.7' ],
134 silly audit   'is-core-module': [ '2.16.1' ],
134 silly audit   'is-data-view': [ '1.0.2' ],
134 silly audit   'is-date-object': [ '1.1.0' ],
134 silly audit   'is-extglob': [ '2.1.1' ],
134 silly audit   'is-finalizationregistry': [ '1.1.1' ],
134 silly audit   'is-generator-function': [ '1.1.0' ],
134 silly audit   'is-glob': [ '4.0.3' ],
134 silly audit   'is-map': [ '2.0.3' ],
134 silly audit   'is-negative-zero': [ '2.0.3' ],
134 silly audit   'is-number': [ '7.0.0' ],
134 silly audit   'is-number-object': [ '1.1.1' ],
134 silly audit   'is-regex': [ '1.2.1' ],
134 silly audit   'is-set': [ '2.0.3' ],
134 silly audit   'is-shared-array-buffer': [ '1.0.4' ],
134 silly audit   'is-string': [ '1.1.1' ],
134 silly audit   'is-symbol': [ '1.1.1' ],
134 silly audit   'is-typed-array': [ '1.1.15' ],
134 silly audit   'is-weakmap': [ '2.0.2' ],
134 silly audit   'is-weakref': [ '1.1.1' ],
134 silly audit   'is-weakset': [ '2.0.4' ],
134 silly audit   isarray: [ '2.0.5' ],
134 silly audit   isexe: [ '2.0.0' ],
134 silly audit   'iterator.prototype': [ '1.1.5' ],
134 silly audit   jiti: [ '2.5.1' ],
134 silly audit   'js-tokens': [ '4.0.0' ],
134 silly audit   'js-yaml': [ '4.1.0' ],
134 silly audit   'json-buffer': [ '3.0.1' ],
134 silly audit   'json-schema-traverse': [ '0.4.1' ],
134 silly audit   'json-stable-stringify-without-jsonify': [ '1.0.1' ],
134 silly audit   json5: [ '1.0.2' ],
134 silly audit   'jsx-ast-utils': [ '3.3.5' ],
134 silly audit   keyv: [ '4.5.4' ],
134 silly audit   'language-subtag-registry': [ '0.3.23' ],
134 silly audit   'language-tags': [ '1.0.9' ],
134 silly audit   levn: [ '0.4.1' ],
134 silly audit   lightningcss: [ '1.30.1' ],
134 silly audit   'lightningcss-darwin-arm64': [ '1.30.1' ],
134 silly audit   'lightningcss-darwin-x64': [ '1.30.1' ],
134 silly audit   'lightningcss-freebsd-x64': [ '1.30.1' ],
134 silly audit   'lightningcss-linux-arm-gnueabihf': [ '1.30.1' ],
134 silly audit   'lightningcss-linux-arm64-gnu': [ '1.30.1' ],
134 silly audit   'lightningcss-linux-arm64-musl': [ '1.30.1' ],
134 silly audit   'lightningcss-linux-x64-gnu': [ '1.30.1' ],
134 silly audit   'lightningcss-linux-x64-musl': [ '1.30.1' ],
134 silly audit   'lightningcss-win32-arm64-msvc': [ '1.30.1' ],
134 silly audit   'lightningcss-win32-x64-msvc': [ '1.30.1' ],
134 silly audit   'locate-path': [ '6.0.0' ],
134 silly audit   'lodash.merge': [ '4.6.2' ],
134 silly audit   'loose-envify': [ '1.4.0' ],
134 silly audit   'lucide-react': [ '0.544.0' ],
134 silly audit   'magic-string': [ '0.30.19' ],
134 silly audit   'math-intrinsics': [ '1.1.0' ],
134 silly audit   merge2: [ '1.4.1' ],
134 silly audit   micromatch: [ '4.0.8' ],
134 silly audit   minimist: [ '1.2.8' ],
134 silly audit   minipass: [ '7.1.2' ],
134 silly audit   minizlib: [ '3.0.2' ],
134 silly audit   mkdirp: [ '3.0.1' ],
134 silly audit   'motion-dom': [ '12.23.12' ],
134 silly audit   'motion-utils': [ '12.23.6' ],
134 silly audit   ms: [ '2.1.3' ],
134 silly audit   nanoid: [ '3.3.11' ],
134 silly audit   'napi-postinstall': [ '0.3.3' ],
134 silly audit   'natural-compare': [ '1.4.0' ],
134 silly audit   next: [ '15.5.3' ],
134 silly audit   postcss: [ '8.4.31', '8.5.6' ],
134 silly audit   'object-assign': [ '4.1.1' ],
134 silly audit   'object-inspect': [ '1.13.4' ],
134 silly audit   'object-keys': [ '1.1.1' ],
134 silly audit   'object.assign': [ '4.1.7' ],
134 silly audit   'object.entries': [ '1.1.9' ],
134 silly audit   'object.fromentries': [ '2.0.8' ],
134 silly audit   'object.groupby': [ '1.0.3' ],
134 silly audit   'object.values': [ '1.2.1' ],
134 silly audit   optionator: [ '0.9.4' ],
134 silly audit   'own-keys': [ '1.0.1' ],
134 silly audit   'p-limit': [ '3.1.0' ],
134 silly audit   'p-locate': [ '5.0.0' ],
134 silly audit   'parent-module': [ '1.0.1' ],
134 silly audit   'path-exists': [ '4.0.0' ],
134 silly audit   'path-key': [ '3.1.1' ],
134 silly audit   'path-parse': [ '1.0.7' ],
134 silly audit   picocolors: [ '1.1.1' ],
134 silly audit   picomatch: [ '2.3.1', '4.0.3' ],
134 silly audit   'possible-typed-array-names': [ '1.1.0' ],
134 silly audit   'prelude-ls': [ '1.2.1' ],
134 silly audit   'prop-types': [ '15.8.1' ],
134 silly audit   punycode: [ '2.3.1' ],
134 silly audit   'queue-microtask': [ '1.2.3' ],
134 silly audit   react: [ '19.1.0' ],
134 silly audit   'react-dom': [ '19.1.0' ],
134 silly audit   'react-is': [ '16.13.1' ],
134 silly audit   'reflect.getprototypeof': [ '1.0.10' ],
134 silly audit   'regexp.prototype.flags': [ '1.5.4' ],
134 silly audit   'resolve-from': [ '4.0.0' ],
134 silly audit   'resolve-pkg-maps': [ '1.0.0' ],
134 silly audit   reusify: [ '1.1.0' ],
134 silly audit   'run-parallel': [ '1.2.0' ],
134 silly audit   'safe-array-concat': [ '1.1.3' ],
134 silly audit   'safe-push-apply': [ '1.0.0' ],
134 silly audit   'safe-regex-test': [ '1.1.0' ],
134 silly audit   scheduler: [ '0.26.0' ],
134 silly audit   'set-function-length': [ '1.2.2' ],
134 silly audit   'set-function-name': [ '2.0.2' ],
134 silly audit   'set-proto': [ '1.0.0' ],
134 silly audit   sharp: [ '0.34.4' ],
134 silly audit   'shebang-command': [ '2.0.0' ],
134 silly audit   'shebang-regex': [ '3.0.0' ],
134 silly audit   'side-channel': [ '1.1.0' ],
134 silly audit   'side-channel-list': [ '1.0.0' ],
134 silly audit   'side-channel-map': [ '1.0.1' ],
134 silly audit   'side-channel-weakmap': [ '1.0.2' ],
134 silly audit   'source-map-js': [ '1.2.1' ],
134 silly audit   'stable-hash': [ '0.0.5' ],
134 silly audit   'stop-iteration-iterator': [ '1.1.0' ],
134 silly audit   'string.prototype.includes': [ '2.0.1' ],
134 silly audit   'string.prototype.matchall': [ '4.0.12' ],
134 silly audit   'string.prototype.repeat': [ '1.0.0' ],
134 silly audit   'string.prototype.trim': [ '1.2.10' ],
134 silly audit   'string.prototype.trimend': [ '1.0.9' ],
134 silly audit   'string.prototype.trimstart': [ '1.0.8' ],
134 silly audit   'strip-bom': [ '3.0.0' ],
134 silly audit   'strip-json-comments': [ '3.1.1' ],
134 silly audit   'styled-jsx': [ '5.1.6' ],
134 silly audit   'supports-color': [ '7.2.0' ],
134 silly audit   'supports-preserve-symlinks-flag': [ '1.0.0' ],
134 silly audit   'tailwind-merge': [ '3.3.1' ],
134 silly audit   tailwindcss: [ '4.1.13' ],
134 silly audit   tapable: [ '2.2.3' ],
134 silly audit   tar: [ '7.4.3' ],
134 silly audit   tinyglobby: [ '0.2.15' ],
134 silly audit   fdir: [ '6.5.0' ],
134 silly audit   'to-regex-range': [ '5.0.1' ],
134 silly audit   'ts-api-utils': [ '2.1.0' ],
134 silly audit   'tsconfig-paths': [ '3.15.0' ],
134 silly audit   tslib: [ '2.8.1' ],
134 silly audit   'tw-animate-css': [ '1.3.8' ],
134 silly audit   'type-check': [ '0.4.0' ],
134 silly audit   'typed-array-buffer': [ '1.0.3' ],
134 silly audit   'typed-array-byte-length': [ '1.0.3' ],
134 silly audit   'typed-array-byte-offset': [ '1.0.4' ],
134 silly audit   'typed-array-length': [ '1.0.7' ],
134 silly audit   typescript: [ '5.9.2' ],
134 silly audit   'unbox-primitive': [ '1.1.0' ],
134 silly audit   'undici-types': [ '6.21.0' ],
134 silly audit   'unrs-resolver': [ '1.11.1' ],
134 silly audit   'uri-js': [ '4.4.1' ],
134 silly audit   which: [ '2.0.2' ],
134 silly audit   'which-boxed-primitive': [ '1.1.1' ],
134 silly audit   'which-builtin-type': [ '1.2.1' ],
134 silly audit   'which-collection': [ '1.0.2' ],
134 silly audit   'which-typed-array': [ '1.1.19' ],
134 silly audit   'word-wrap': [ '1.2.5' ],
134 silly audit   yallist: [ '5.0.0' ],
134 silly audit   'yocto-queue': [ '0.1.0' ],
134 silly audit   '@radix-ui/react-accordion': [ '1.2.12' ],
134 silly audit   '@radix-ui/react-separator': [ '1.1.7' ],
134 silly audit   '@radix-ui/react-slot': [ '1.2.3' ],
134 silly audit   '@radix-ui/primitive': [ '1.1.3' ],
134 silly audit   '@radix-ui/react-collapsible': [ '1.1.12' ],
134 silly audit   '@radix-ui/react-collection': [ '1.1.7' ],
134 silly audit   '@radix-ui/react-compose-refs': [ '1.1.2' ],
134 silly audit   '@radix-ui/react-context': [ '1.1.2' ],
134 silly audit   '@radix-ui/react-direction': [ '1.1.1' ],
134 silly audit   '@radix-ui/react-id': [ '1.1.1' ],
134 silly audit   '@radix-ui/react-primitive': [ '2.1.3' ],
134 silly audit   '@radix-ui/react-use-controllable-state': [ '1.2.2' ],
134 silly audit   '@radix-ui/react-presence': [ '1.1.5' ],
134 silly audit   '@radix-ui/react-use-layout-effect': [ '1.1.1' ],
134 silly audit   '@radix-ui/react-use-effect-event': [ '0.0.2' ],
134 silly audit   '@tailwindcss/oxide-wasm32-wasi': [ '4.1.13' ]
134 silly audit }
135 verbose reify failed optional dependency /Users/sa/Documents/Projects/yanissimo-website/node_modules/lightningcss-win32-x64-msvc
136 silly reify mark deleted [
136 silly reify   '/Users/sa/Documents/Projects/yanissimo-website/node_modules/lightningcss-win32-x64-msvc'
136 silly reify ]
137 verbose reify failed optional dependency /Users/sa/Documents/Projects/yanissimo-website/node_modules/lightningcss-win32-arm64-msvc
138 silly reify mark deleted [
138 silly reify   '/Users/sa/Documents/Projects/yanissimo-website/node_modules/lightningcss-win32-arm64-msvc'
138 silly reify ]
139 verbose reify failed optional dependency /Users/sa/Documents/Projects/yanissimo-website/node_modules/lightningcss-linux-x64-musl
140 silly reify mark deleted [
140 silly reify   '/Users/sa/Documents/Projects/yanissimo-website/node_modules/lightningcss-linux-x64-musl'
140 silly reify ]
141 verbose reify failed optional dependency /Users/sa/Documents/Projects/yanissimo-website/node_modules/lightningcss-linux-x64-gnu
142 silly reify mark deleted [
142 silly reify   '/Users/sa/Documents/Projects/yanissimo-website/node_modules/lightningcss-linux-x64-gnu'
142 silly reify ]
143 verbose reify failed optional dependency /Users/sa/Documents/Projects/yanissimo-website/node_modules/lightningcss-linux-arm64-musl
144 silly reify mark deleted [
144 silly reify   '/Users/sa/Documents/Projects/yanissimo-website/node_modules/lightningcss-linux-arm64-musl'
144 silly reify ]
145 verbose reify failed optional dependency /Users/sa/Documents/Projects/yanissimo-website/node_modules/lightningcss-linux-arm64-gnu
146 silly reify mark deleted [
146 silly reify   '/Users/sa/Documents/Projects/yanissimo-website/node_modules/lightningcss-linux-arm64-gnu'
146 silly reify ]
147 verbose reify failed optional dependency /Users/sa/Documents/Projects/yanissimo-website/node_modules/lightningcss-linux-arm-gnueabihf
148 silly reify mark deleted [
148 silly reify   '/Users/sa/Documents/Projects/yanissimo-website/node_modules/lightningcss-linux-arm-gnueabihf'
148 silly reify ]
149 verbose reify failed optional dependency /Users/sa/Documents/Projects/yanissimo-website/node_modules/lightningcss-freebsd-x64
150 silly reify mark deleted [
150 silly reify   '/Users/sa/Documents/Projects/yanissimo-website/node_modules/lightningcss-freebsd-x64'
150 silly reify ]
151 verbose reify failed optional dependency /Users/sa/Documents/Projects/yanissimo-website/node_modules/lightningcss-darwin-x64
152 silly reify mark deleted [
152 silly reify   '/Users/sa/Documents/Projects/yanissimo-website/node_modules/lightningcss-darwin-x64'
152 silly reify ]
153 verbose reify failed optional dependency /Users/sa/Documents/Projects/yanissimo-website/node_modules/@unrs/resolver-binding-win32-x64-msvc
154 silly reify mark deleted [
154 silly reify   '/Users/sa/Documents/Projects/yanissimo-website/node_modules/@unrs/resolver-binding-win32-x64-msvc'
154 silly reify ]
155 verbose reify failed optional dependency /Users/sa/Documents/Projects/yanissimo-website/node_modules/@unrs/resolver-binding-win32-ia32-msvc
156 silly reify mark deleted [
156 silly reify   '/Users/sa/Documents/Projects/yanissimo-website/node_modules/@unrs/resolver-binding-win32-ia32-msvc'
156 silly reify ]
157 verbose reify failed optional dependency /Users/sa/Documents/Projects/yanissimo-website/node_modules/@unrs/resolver-binding-win32-arm64-msvc
158 silly reify mark deleted [
158 silly reify   '/Users/sa/Documents/Projects/yanissimo-website/node_modules/@unrs/resolver-binding-win32-arm64-msvc'
158 silly reify ]
159 verbose reify failed optional dependency /Users/sa/Documents/Projects/yanissimo-website/node_modules/@unrs/resolver-binding-wasm32-wasi
160 silly reify mark deleted [
160 silly reify   '/Users/sa/Documents/Projects/yanissimo-website/node_modules/@unrs/resolver-binding-wasm32-wasi'
160 silly reify ]
161 verbose reify failed optional dependency /Users/sa/Documents/Projects/yanissimo-website/node_modules/@unrs/resolver-binding-linux-x64-musl
162 silly reify mark deleted [
162 silly reify   '/Users/sa/Documents/Projects/yanissimo-website/node_modules/@unrs/resolver-binding-linux-x64-musl'
162 silly reify ]
163 verbose reify failed optional dependency /Users/sa/Documents/Projects/yanissimo-website/node_modules/@unrs/resolver-binding-linux-x64-gnu
164 silly reify mark deleted [
164 silly reify   '/Users/sa/Documents/Projects/yanissimo-website/node_modules/@unrs/resolver-binding-linux-x64-gnu'
164 silly reify ]
165 verbose reify failed optional dependency /Users/sa/Documents/Projects/yanissimo-website/node_modules/@unrs/resolver-binding-linux-s390x-gnu
166 silly reify mark deleted [
166 silly reify   '/Users/sa/Documents/Projects/yanissimo-website/node_modules/@unrs/resolver-binding-linux-s390x-gnu'
166 silly reify ]
167 verbose reify failed optional dependency /Users/sa/Documents/Projects/yanissimo-website/node_modules/@unrs/resolver-binding-linux-riscv64-musl
168 silly reify mark deleted [
168 silly reify   '/Users/sa/Documents/Projects/yanissimo-website/node_modules/@unrs/resolver-binding-linux-riscv64-musl'
168 silly reify ]
169 verbose reify failed optional dependency /Users/sa/Documents/Projects/yanissimo-website/node_modules/@unrs/resolver-binding-linux-riscv64-gnu
170 silly reify mark deleted [
170 silly reify   '/Users/sa/Documents/Projects/yanissimo-website/node_modules/@unrs/resolver-binding-linux-riscv64-gnu'
170 silly reify ]
171 verbose reify failed optional dependency /Users/sa/Documents/Projects/yanissimo-website/node_modules/@unrs/resolver-binding-linux-ppc64-gnu
172 silly reify mark deleted [
172 silly reify   '/Users/sa/Documents/Projects/yanissimo-website/node_modules/@unrs/resolver-binding-linux-ppc64-gnu'
172 silly reify ]
173 verbose reify failed optional dependency /Users/sa/Documents/Projects/yanissimo-website/node_modules/@unrs/resolver-binding-linux-arm64-musl
174 silly reify mark deleted [
174 silly reify   '/Users/sa/Documents/Projects/yanissimo-website/node_modules/@unrs/resolver-binding-linux-arm64-musl'
174 silly reify ]
175 verbose reify failed optional dependency /Users/sa/Documents/Projects/yanissimo-website/node_modules/@unrs/resolver-binding-linux-arm64-gnu
176 silly reify mark deleted [
176 silly reify   '/Users/sa/Documents/Projects/yanissimo-website/node_modules/@unrs/resolver-binding-linux-arm64-gnu'
176 silly reify ]
177 verbose reify failed optional dependency /Users/sa/Documents/Projects/yanissimo-website/node_modules/@unrs/resolver-binding-linux-arm-musleabihf
178 silly reify mark deleted [
178 silly reify   '/Users/sa/Documents/Projects/yanissimo-website/node_modules/@unrs/resolver-binding-linux-arm-musleabihf'
178 silly reify ]
179 verbose reify failed optional dependency /Users/sa/Documents/Projects/yanissimo-website/node_modules/@unrs/resolver-binding-linux-arm-gnueabihf
180 silly reify mark deleted [
180 silly reify   '/Users/sa/Documents/Projects/yanissimo-website/node_modules/@unrs/resolver-binding-linux-arm-gnueabihf'
180 silly reify ]
181 verbose reify failed optional dependency /Users/sa/Documents/Projects/yanissimo-website/node_modules/@unrs/resolver-binding-freebsd-x64
182 silly reify mark deleted [
182 silly reify   '/Users/sa/Documents/Projects/yanissimo-website/node_modules/@unrs/resolver-binding-freebsd-x64'
182 silly reify ]
183 verbose reify failed optional dependency /Users/sa/Documents/Projects/yanissimo-website/node_modules/@unrs/resolver-binding-darwin-x64
184 silly reify mark deleted [
184 silly reify   '/Users/sa/Documents/Projects/yanissimo-website/node_modules/@unrs/resolver-binding-darwin-x64'
184 silly reify ]
185 verbose reify failed optional dependency /Users/sa/Documents/Projects/yanissimo-website/node_modules/@unrs/resolver-binding-android-arm64
186 silly reify mark deleted [
186 silly reify   '/Users/sa/Documents/Projects/yanissimo-website/node_modules/@unrs/resolver-binding-android-arm64'
186 silly reify ]
187 verbose reify failed optional dependency /Users/sa/Documents/Projects/yanissimo-website/node_modules/@unrs/resolver-binding-android-arm-eabi
188 silly reify mark deleted [
188 silly reify   '/Users/sa/Documents/Projects/yanissimo-website/node_modules/@unrs/resolver-binding-android-arm-eabi'
188 silly reify ]
189 verbose reify failed optional dependency /Users/sa/Documents/Projects/yanissimo-website/node_modules/@tailwindcss/oxide-win32-x64-msvc
190 silly reify mark deleted [
190 silly reify   '/Users/sa/Documents/Projects/yanissimo-website/node_modules/@tailwindcss/oxide-win32-x64-msvc'
190 silly reify ]
191 verbose reify failed optional dependency /Users/sa/Documents/Projects/yanissimo-website/node_modules/@tailwindcss/oxide-win32-arm64-msvc
192 silly reify mark deleted [
192 silly reify   '/Users/sa/Documents/Projects/yanissimo-website/node_modules/@tailwindcss/oxide-win32-arm64-msvc'
192 silly reify ]
193 verbose reify failed optional dependency /Users/sa/Documents/Projects/yanissimo-website/node_modules/@tailwindcss/oxide-linux-x64-musl
194 silly reify mark deleted [
194 silly reify   '/Users/sa/Documents/Projects/yanissimo-website/node_modules/@tailwindcss/oxide-linux-x64-musl'
194 silly reify ]
195 verbose reify failed optional dependency /Users/sa/Documents/Projects/yanissimo-website/node_modules/@tailwindcss/oxide-linux-x64-gnu
196 silly reify mark deleted [
196 silly reify   '/Users/sa/Documents/Projects/yanissimo-website/node_modules/@tailwindcss/oxide-linux-x64-gnu'
196 silly reify ]
197 verbose reify failed optional dependency /Users/sa/Documents/Projects/yanissimo-website/node_modules/@tailwindcss/oxide-linux-arm64-musl
198 silly reify mark deleted [
198 silly reify   '/Users/sa/Documents/Projects/yanissimo-website/node_modules/@tailwindcss/oxide-linux-arm64-musl'
198 silly reify ]
199 verbose reify failed optional dependency /Users/sa/Documents/Projects/yanissimo-website/node_modules/@tailwindcss/oxide-linux-arm64-gnu
200 silly reify mark deleted [
200 silly reify   '/Users/sa/Documents/Projects/yanissimo-website/node_modules/@tailwindcss/oxide-linux-arm64-gnu'
200 silly reify ]
201 verbose reify failed optional dependency /Users/sa/Documents/Projects/yanissimo-website/node_modules/@tailwindcss/oxide-linux-arm-gnueabihf
202 silly reify mark deleted [
202 silly reify   '/Users/sa/Documents/Projects/yanissimo-website/node_modules/@tailwindcss/oxide-linux-arm-gnueabihf'
202 silly reify ]
203 verbose reify failed optional dependency /Users/sa/Documents/Projects/yanissimo-website/node_modules/@tailwindcss/oxide-freebsd-x64
204 silly reify mark deleted [
204 silly reify   '/Users/sa/Documents/Projects/yanissimo-website/node_modules/@tailwindcss/oxide-freebsd-x64'
204 silly reify ]
205 verbose reify failed optional dependency /Users/sa/Documents/Projects/yanissimo-website/node_modules/@tailwindcss/oxide-darwin-x64
206 silly reify mark deleted [
206 silly reify   '/Users/sa/Documents/Projects/yanissimo-website/node_modules/@tailwindcss/oxide-darwin-x64'
206 silly reify ]
207 verbose reify failed optional dependency /Users/sa/Documents/Projects/yanissimo-website/node_modules/@tailwindcss/oxide-android-arm64
208 silly reify mark deleted [
208 silly reify   '/Users/sa/Documents/Projects/yanissimo-website/node_modules/@tailwindcss/oxide-android-arm64'
208 silly reify ]
209 verbose reify failed optional dependency /Users/sa/Documents/Projects/yanissimo-website/node_modules/@next/swc-win32-x64-msvc
210 silly reify mark deleted [
210 silly reify   '/Users/sa/Documents/Projects/yanissimo-website/node_modules/@next/swc-win32-x64-msvc'
210 silly reify ]
211 verbose reify failed optional dependency /Users/sa/Documents/Projects/yanissimo-website/node_modules/@next/swc-win32-arm64-msvc
212 silly reify mark deleted [
212 silly reify   '/Users/sa/Documents/Projects/yanissimo-website/node_modules/@next/swc-win32-arm64-msvc'
212 silly reify ]
213 verbose reify failed optional dependency /Users/sa/Documents/Projects/yanissimo-website/node_modules/@next/swc-linux-x64-musl
214 silly reify mark deleted [
214 silly reify   '/Users/sa/Documents/Projects/yanissimo-website/node_modules/@next/swc-linux-x64-musl'
214 silly reify ]
215 verbose reify failed optional dependency /Users/sa/Documents/Projects/yanissimo-website/node_modules/@next/swc-linux-x64-gnu
216 silly reify mark deleted [
216 silly reify   '/Users/sa/Documents/Projects/yanissimo-website/node_modules/@next/swc-linux-x64-gnu'
216 silly reify ]
217 verbose reify failed optional dependency /Users/sa/Documents/Projects/yanissimo-website/node_modules/@next/swc-linux-arm64-musl
218 silly reify mark deleted [
218 silly reify   '/Users/sa/Documents/Projects/yanissimo-website/node_modules/@next/swc-linux-arm64-musl'
218 silly reify ]
219 verbose reify failed optional dependency /Users/sa/Documents/Projects/yanissimo-website/node_modules/@next/swc-linux-arm64-gnu
220 silly reify mark deleted [
220 silly reify   '/Users/sa/Documents/Projects/yanissimo-website/node_modules/@next/swc-linux-arm64-gnu'
220 silly reify ]
221 verbose reify failed optional dependency /Users/sa/Documents/Projects/yanissimo-website/node_modules/@next/swc-darwin-x64
222 silly reify mark deleted [
222 silly reify   '/Users/sa/Documents/Projects/yanissimo-website/node_modules/@next/swc-darwin-x64'
222 silly reify ]
223 verbose reify failed optional dependency /Users/sa/Documents/Projects/yanissimo-website/node_modules/@img/sharp-win32-x64
224 silly reify mark deleted [
224 silly reify   '/Users/sa/Documents/Projects/yanissimo-website/node_modules/@img/sharp-win32-x64'
224 silly reify ]
225 verbose reify failed optional dependency /Users/sa/Documents/Projects/yanissimo-website/node_modules/@img/sharp-win32-ia32
226 silly reify mark deleted [
226 silly reify   '/Users/sa/Documents/Projects/yanissimo-website/node_modules/@img/sharp-win32-ia32'
226 silly reify ]
227 verbose reify failed optional dependency /Users/sa/Documents/Projects/yanissimo-website/node_modules/@img/sharp-win32-arm64
228 silly reify mark deleted [
228 silly reify   '/Users/sa/Documents/Projects/yanissimo-website/node_modules/@img/sharp-win32-arm64'
228 silly reify ]
229 verbose reify failed optional dependency /Users/sa/Documents/Projects/yanissimo-website/node_modules/@img/sharp-wasm32
230 silly reify mark deleted [
230 silly reify   '/Users/sa/Documents/Projects/yanissimo-website/node_modules/@img/sharp-wasm32'
230 silly reify ]
231 verbose reify failed optional dependency /Users/sa/Documents/Projects/yanissimo-website/node_modules/@img/sharp-linuxmusl-x64
232 silly reify mark deleted [
232 silly reify   '/Users/sa/Documents/Projects/yanissimo-website/node_modules/@img/sharp-linuxmusl-x64'
232 silly reify ]
233 verbose reify failed optional dependency /Users/sa/Documents/Projects/yanissimo-website/node_modules/@img/sharp-linuxmusl-arm64
234 silly reify mark deleted [
234 silly reify   '/Users/sa/Documents/Projects/yanissimo-website/node_modules/@img/sharp-linuxmusl-arm64'
234 silly reify ]
235 verbose reify failed optional dependency /Users/sa/Documents/Projects/yanissimo-website/node_modules/@img/sharp-linux-x64
236 silly reify mark deleted [
236 silly reify   '/Users/sa/Documents/Projects/yanissimo-website/node_modules/@img/sharp-linux-x64'
236 silly reify ]
237 verbose reify failed optional dependency /Users/sa/Documents/Projects/yanissimo-website/node_modules/@img/sharp-linux-s390x
238 silly reify mark deleted [
238 silly reify   '/Users/sa/Documents/Projects/yanissimo-website/node_modules/@img/sharp-linux-s390x'
238 silly reify ]
239 verbose reify failed optional dependency /Users/sa/Documents/Projects/yanissimo-website/node_modules/@img/sharp-linux-ppc64
240 silly reify mark deleted [
240 silly reify   '/Users/sa/Documents/Projects/yanissimo-website/node_modules/@img/sharp-linux-ppc64'
240 silly reify ]
241 verbose reify failed optional dependency /Users/sa/Documents/Projects/yanissimo-website/node_modules/@img/sharp-linux-arm64
242 silly reify mark deleted [
242 silly reify   '/Users/sa/Documents/Projects/yanissimo-website/node_modules/@img/sharp-linux-arm64'
242 silly reify ]
243 verbose reify failed optional dependency /Users/sa/Documents/Projects/yanissimo-website/node_modules/@img/sharp-linux-arm
244 silly reify mark deleted [
244 silly reify   '/Users/sa/Documents/Projects/yanissimo-website/node_modules/@img/sharp-linux-arm'
244 silly reify ]
245 verbose reify failed optional dependency /Users/sa/Documents/Projects/yanissimo-website/node_modules/@img/sharp-libvips-linuxmusl-x64
246 silly reify mark deleted [
246 silly reify   '/Users/sa/Documents/Projects/yanissimo-website/node_modules/@img/sharp-libvips-linuxmusl-x64'
246 silly reify ]
247 verbose reify failed optional dependency /Users/sa/Documents/Projects/yanissimo-website/node_modules/@img/sharp-libvips-linuxmusl-arm64
248 silly reify mark deleted [
248 silly reify   '/Users/sa/Documents/Projects/yanissimo-website/node_modules/@img/sharp-libvips-linuxmusl-arm64'
248 silly reify ]
249 verbose reify failed optional dependency /Users/sa/Documents/Projects/yanissimo-website/node_modules/@img/sharp-libvips-linux-x64
250 silly reify mark deleted [
250 silly reify   '/Users/sa/Documents/Projects/yanissimo-website/node_modules/@img/sharp-libvips-linux-x64'
250 silly reify ]
251 verbose reify failed optional dependency /Users/sa/Documents/Projects/yanissimo-website/node_modules/@img/sharp-libvips-linux-s390x
252 silly reify mark deleted [
252 silly reify   '/Users/sa/Documents/Projects/yanissimo-website/node_modules/@img/sharp-libvips-linux-s390x'
252 silly reify ]
253 verbose reify failed optional dependency /Users/sa/Documents/Projects/yanissimo-website/node_modules/@img/sharp-libvips-linux-ppc64
254 silly reify mark deleted [
254 silly reify   '/Users/sa/Documents/Projects/yanissimo-website/node_modules/@img/sharp-libvips-linux-ppc64'
254 silly reify ]
255 verbose reify failed optional dependency /Users/sa/Documents/Projects/yanissimo-website/node_modules/@img/sharp-libvips-linux-arm64
256 silly reify mark deleted [
256 silly reify   '/Users/sa/Documents/Projects/yanissimo-website/node_modules/@img/sharp-libvips-linux-arm64'
256 silly reify ]
257 verbose reify failed optional dependency /Users/sa/Documents/Projects/yanissimo-website/node_modules/@img/sharp-libvips-linux-arm
258 silly reify mark deleted [
258 silly reify   '/Users/sa/Documents/Projects/yanissimo-website/node_modules/@img/sharp-libvips-linux-arm'
258 silly reify ]
259 verbose reify failed optional dependency /Users/sa/Documents/Projects/yanissimo-website/node_modules/@img/sharp-libvips-darwin-x64
260 silly reify mark deleted [
260 silly reify   '/Users/sa/Documents/Projects/yanissimo-website/node_modules/@img/sharp-libvips-darwin-x64'
260 silly reify ]
261 verbose reify failed optional dependency /Users/sa/Documents/Projects/yanissimo-website/node_modules/@img/sharp-darwin-x64
262 silly reify mark deleted [
262 silly reify   '/Users/sa/Documents/Projects/yanissimo-website/node_modules/@img/sharp-darwin-x64'
262 silly reify ]
263 silly tarball no local data for @radix-ui/react-use-layout-effect@https://registry.npmjs.org/@radix-ui/react-use-layout-effect/-/react-use-layout-effect-1.1.1.tgz. Extracting by manifest.
264 silly tarball no local data for @radix-ui/react-use-controllable-state@https://registry.npmjs.org/@radix-ui/react-use-controllable-state/-/react-use-controllable-state-1.2.2.tgz. Extracting by manifest.
265 silly tarball no local data for @radix-ui/react-presence@https://registry.npmjs.org/@radix-ui/react-presence/-/react-presence-1.1.5.tgz. Extracting by manifest.
266 silly tarball no local data for @radix-ui/react-use-effect-event@https://registry.npmjs.org/@radix-ui/react-use-effect-event/-/react-use-effect-event-0.0.2.tgz. Extracting by manifest.
267 silly tarball no local data for @radix-ui/react-id@https://registry.npmjs.org/@radix-ui/react-id/-/react-id-1.1.1.tgz. Extracting by manifest.
268 silly tarball no local data for @radix-ui/react-compose-refs@https://registry.npmjs.org/@radix-ui/react-compose-refs/-/react-compose-refs-1.1.2.tgz. Extracting by manifest.
269 silly tarball no local data for @radix-ui/react-primitive@https://registry.npmjs.org/@radix-ui/react-primitive/-/react-primitive-2.1.3.tgz. Extracting by manifest.
270 silly tarball no local data for @radix-ui/react-direction@https://registry.npmjs.org/@radix-ui/react-direction/-/react-direction-1.1.1.tgz. Extracting by manifest.
271 silly tarball no local data for @radix-ui/react-context@https://registry.npmjs.org/@radix-ui/react-context/-/react-context-1.1.2.tgz. Extracting by manifest.
272 silly tarball no local data for @radix-ui/react-collection@https://registry.npmjs.org/@radix-ui/react-collection/-/react-collection-1.1.7.tgz. Extracting by manifest.
273 silly tarball no local data for @radix-ui/react-collapsible@https://registry.npmjs.org/@radix-ui/react-collapsible/-/react-collapsible-1.1.12.tgz. Extracting by manifest.
274 silly tarball no local data for @radix-ui/react-slot@https://registry.npmjs.org/@radix-ui/react-slot/-/react-slot-1.2.3.tgz. Extracting by manifest.
275 silly tarball no local data for @radix-ui/react-accordion@https://registry.npmjs.org/@radix-ui/react-accordion/-/react-accordion-1.2.12.tgz. Extracting by manifest.
276 silly tarball no local data for @radix-ui/react-separator@https://registry.npmjs.org/@radix-ui/react-separator/-/react-separator-1.1.7.tgz. Extracting by manifest.
277 silly tarball no local data for @radix-ui/primitive@https://registry.npmjs.org/@radix-ui/primitive/-/primitive-1.1.3.tgz. Extracting by manifest.
278 http fetch GET 200 https://registry.npmjs.org/@radix-ui/react-use-layout-effect/-/react-use-layout-effect-1.1.1.tgz 93ms (cache miss)
279 http fetch GET 200 https://registry.npmjs.org/@radix-ui/react-presence/-/react-presence-1.1.5.tgz 94ms (cache miss)
280 http fetch GET 200 https://registry.npmjs.org/@radix-ui/react-use-effect-event/-/react-use-effect-event-0.0.2.tgz 94ms (cache miss)
281 http fetch GET 200 https://registry.npmjs.org/@radix-ui/react-compose-refs/-/react-compose-refs-1.1.2.tgz 94ms (cache miss)
282 http fetch GET 200 https://registry.npmjs.org/@radix-ui/react-use-controllable-state/-/react-use-controllable-state-1.2.2.tgz 99ms (cache miss)
283 http fetch GET 200 https://registry.npmjs.org/@radix-ui/react-context/-/react-context-1.1.2.tgz 163ms (cache miss)
284 http fetch GET 200 https://registry.npmjs.org/@radix-ui/react-id/-/react-id-1.1.1.tgz 201ms (cache miss)
285 http fetch GET 200 https://registry.npmjs.org/@radix-ui/primitive/-/primitive-1.1.3.tgz 199ms (cache miss)
286 http fetch GET 200 https://registry.npmjs.org/@radix-ui/react-slot/-/react-slot-1.2.3.tgz 201ms (cache miss)
287 http fetch GET 200 https://registry.npmjs.org/@radix-ui/react-separator/-/react-separator-1.1.7.tgz 200ms (cache miss)
288 http fetch GET 200 https://registry.npmjs.org/@radix-ui/react-collapsible/-/react-collapsible-1.1.12.tgz 203ms (cache miss)
289 http fetch GET 200 https://registry.npmjs.org/@radix-ui/react-direction/-/react-direction-1.1.1.tgz 204ms (cache miss)
290 http fetch GET 200 https://registry.npmjs.org/@radix-ui/react-primitive/-/react-primitive-2.1.3.tgz 221ms (cache miss)
291 http fetch GET 200 https://registry.npmjs.org/@radix-ui/react-collection/-/react-collection-1.1.7.tgz 256ms (cache miss)
292 http fetch POST 200 https://registry.npmjs.org/-/npm/v1/security/advisories/bulk 290ms
293 silly audit report {}
294 http fetch GET 200 https://registry.npmjs.org/@radix-ui/react-accordion/-/react-accordion-1.2.12.tgz 517ms (cache miss)
295 silly ADD node_modules/@radix-ui/react-use-effect-event
296 silly ADD node_modules/@radix-ui/react-use-layout-effect
297 silly ADD node_modules/@radix-ui/react-presence
298 silly ADD node_modules/@radix-ui/react-use-controllable-state
299 silly ADD node_modules/@radix-ui/react-primitive
300 silly ADD node_modules/@radix-ui/react-id
301 silly ADD node_modules/@radix-ui/react-direction
302 silly ADD node_modules/@radix-ui/react-context
303 silly ADD node_modules/@radix-ui/react-compose-refs
304 silly ADD node_modules/@radix-ui/react-collection
305 silly ADD node_modules/@radix-ui/react-collapsible
306 silly ADD node_modules/@radix-ui/primitive
307 silly ADD node_modules/@radix-ui/react-slot
308 silly ADD node_modules/@radix-ui/react-separator
309 silly ADD node_modules/@radix-ui/react-accordion
310 silly ADD
311 silly ADD
312 silly ADD
313 silly ADD
314 silly ADD
315 silly ADD
316 silly ADD
317 silly ADD
318 silly ADD
319 silly ADD
320 silly ADD
321 silly ADD
322 silly ADD
323 silly ADD
324 silly ADD
325 silly ADD
326 silly ADD
327 silly ADD
328 silly ADD
329 silly ADD
330 silly ADD
331 silly ADD
332 silly ADD
333 silly ADD
334 silly ADD
335 silly ADD
336 silly ADD
337 silly ADD
338 silly ADD
339 silly ADD
340 silly ADD
341 silly ADD
342 silly ADD
343 silly ADD
344 silly ADD
345 silly ADD
346 silly ADD
347 silly ADD
348 silly ADD
349 silly ADD
350 silly ADD
351 silly ADD
352 silly ADD
353 silly ADD
354 silly ADD
355 silly ADD
356 silly ADD
357 silly ADD
358 silly ADD
359 silly ADD
360 silly ADD
361 silly ADD
362 silly ADD
363 silly ADD
364 silly ADD
365 silly ADD
366 silly ADD
367 silly ADD
368 silly ADD
369 silly ADD
370 silly ADD
371 silly ADD
372 silly ADD
373 silly ADD
374 silly ADD
375 verbose cwd /Users/sa/Documents/Projects/yanissimo-website
376 verbose os Darwin 24.0.0
377 verbose node v20.18.0
378 verbose npm  v10.8.2
379 verbose exit 0
380 info ok
