0 verbose cli /usr/local/bin/node /usr/local/bin/npm
1 info using npm@10.8.2
2 info using node@v20.18.0
3 silly config load:file:/usr/local/lib/node_modules/npm/npmrc
4 silly config load:file:/Users/sa/Documents/Projects/yanissimo-website/.npmrc
5 silly config load:file:/Users/sa/.npmrc
6 silly config load:file:/Users/sa/.npm-global/etc/npmrc
7 verbose title npm install
8 verbose argv "install" "--cache" "./.npm-cache" "--no-progress"
9 verbose logfile logs-max:10 dir:/Users/sa/Documents/Projects/yanissimo-website/.npm-cache/_logs/2025-09-20T13_49_02_839Z-
10 verbose logfile /Users/sa/Documents/Projects/yanissimo-website/.npm-cache/_logs/2025-09-20T13_49_02_839Z-debug-0.log
11 silly packumentCache heap:2197815296 maxSize:549453824 maxEntrySize:274726912
12 silly logfile done cleaning log files
13 silly idealTree buildDeps
14 verbose shrinkwrap failed to load node_modules/.package-lock.json out of date, updated: node_modules
15 silly reify mark retired [
15 silly reify   '/Users/sa/Documents/Projects/yanissimo-website/node_modules/@radix-ui/react-accordion'
15 silly reify ]
16 silly reify mark retired [
16 silly reify   '/Users/sa/Documents/Projects/yanissimo-website/node_modules/@radix-ui/primitive'
16 silly reify ]
17 silly reify mark retired [
17 silly reify   '/Users/sa/Documents/Projects/yanissimo-website/node_modules/@radix-ui/react-collapsible'
17 silly reify ]
18 silly reify mark retired [
18 silly reify   '/Users/sa/Documents/Projects/yanissimo-website/node_modules/@radix-ui/react-collection'
18 silly reify ]
19 silly reify mark retired [
19 silly reify   '/Users/sa/Documents/Projects/yanissimo-website/node_modules/@radix-ui/react-context'
19 silly reify ]
20 silly reify mark retired [
20 silly reify   '/Users/sa/Documents/Projects/yanissimo-website/node_modules/@radix-ui/react-direction'
20 silly reify ]
21 silly reify mark retired [
21 silly reify   '/Users/sa/Documents/Projects/yanissimo-website/node_modules/@radix-ui/react-id'
21 silly reify ]
22 silly reify mark retired [
22 silly reify   '/Users/sa/Documents/Projects/yanissimo-website/node_modules/@radix-ui/react-use-effect-event'
22 silly reify ]
23 silly reify mark retired [
23 silly reify   '/Users/sa/Documents/Projects/yanissimo-website/node_modules/@radix-ui/react-presence'
23 silly reify ]
24 silly reify mark retired [
24 silly reify   '/Users/sa/Documents/Projects/yanissimo-website/node_modules/@radix-ui/react-use-controllable-state'
24 silly reify ]
25 silly reify mark retired [
25 silly reify   '/Users/sa/Documents/Projects/yanissimo-website/node_modules/@radix-ui/react-use-layout-effect'
25 silly reify ]
26 silly reify moves {
26 silly reify   '/Users/sa/Documents/Projects/yanissimo-website/node_modules/@radix-ui/react-accordion': '/Users/sa/Documents/Projects/yanissimo-website/node_modules/@radix-ui/.react-accordion-PsWDMUGP',
26 silly reify   '/Users/sa/Documents/Projects/yanissimo-website/node_modules/@radix-ui/primitive': '/Users/sa/Documents/Projects/yanissimo-website/node_modules/@radix-ui/.primitive-YSL4PJvV',
26 silly reify   '/Users/sa/Documents/Projects/yanissimo-website/node_modules/@radix-ui/react-collapsible': '/Users/sa/Documents/Projects/yanissimo-website/node_modules/@radix-ui/.react-collapsible-4uIeDViE',
26 silly reify   '/Users/sa/Documents/Projects/yanissimo-website/node_modules/@radix-ui/react-collection': '/Users/sa/Documents/Projects/yanissimo-website/node_modules/@radix-ui/.react-collection-Y1M9M5T0',
26 silly reify   '/Users/sa/Documents/Projects/yanissimo-website/node_modules/@radix-ui/react-context': '/Users/sa/Documents/Projects/yanissimo-website/node_modules/@radix-ui/.react-context-BFwH1wl6',
26 silly reify   '/Users/sa/Documents/Projects/yanissimo-website/node_modules/@radix-ui/react-direction': '/Users/sa/Documents/Projects/yanissimo-website/node_modules/@radix-ui/.react-direction-7OPxtdgF',
26 silly reify   '/Users/sa/Documents/Projects/yanissimo-website/node_modules/@radix-ui/react-id': '/Users/sa/Documents/Projects/yanissimo-website/node_modules/@radix-ui/.react-id-NkQJWT7B',
26 silly reify   '/Users/sa/Documents/Projects/yanissimo-website/node_modules/@radix-ui/react-use-effect-event': '/Users/sa/Documents/Projects/yanissimo-website/node_modules/@radix-ui/.react-use-effect-event-GmEE6Ctv',
26 silly reify   '/Users/sa/Documents/Projects/yanissimo-website/node_modules/@radix-ui/react-presence': '/Users/sa/Documents/Projects/yanissimo-website/node_modules/@radix-ui/.react-presence-kWChRX7u',
26 silly reify   '/Users/sa/Documents/Projects/yanissimo-website/node_modules/@radix-ui/react-use-controllable-state': '/Users/sa/Documents/Projects/yanissimo-website/node_modules/@radix-ui/.react-use-controllable-state-GWzgui8f',
26 silly reify   '/Users/sa/Documents/Projects/yanissimo-website/node_modules/@radix-ui/react-use-layout-effect': '/Users/sa/Documents/Projects/yanissimo-website/node_modules/@radix-ui/.react-use-layout-effect-mM1kxar8'
26 silly reify }
27 verbose reify failed optional dependency /Users/sa/Documents/Projects/yanissimo-website/node_modules/@tailwindcss/oxide-wasm32-wasi
28 silly reify mark deleted [
28 silly reify   '/Users/sa/Documents/Projects/yanissimo-website/node_modules/@tailwindcss/oxide-wasm32-wasi'
28 silly reify ]
29 silly audit bulk request {
29 silly audit   '@alloc/quick-lru': [ '5.2.0' ],
29 silly audit   '@emnapi/core': [ '1.5.0' ],
29 silly audit   '@emnapi/runtime': [ '1.5.0' ],
29 silly audit   '@emnapi/wasi-threads': [ '1.1.0' ],
29 silly audit   '@eslint-community/eslint-utils': [ '4.9.0' ],
29 silly audit   'eslint-visitor-keys': [ '3.4.3', '4.2.1' ],
29 silly audit   '@eslint-community/regexpp': [ '4.12.1' ],
29 silly audit   '@eslint/config-array': [ '0.21.0' ],
29 silly audit   '@eslint/config-helpers': [ '0.3.1' ],
29 silly audit   '@eslint/core': [ '0.15.2' ],
29 silly audit   '@eslint/eslintrc': [ '3.3.1' ],
29 silly audit   '@eslint/js': [ '9.36.0' ],
29 silly audit   '@eslint/object-schema': [ '2.1.6' ],
29 silly audit   '@eslint/plugin-kit': [ '0.3.5' ],
29 silly audit   '@humanfs/core': [ '0.19.1' ],
29 silly audit   '@humanfs/node': [ '0.16.7' ],
29 silly audit   '@humanwhocodes/module-importer': [ '1.0.1' ],
29 silly audit   '@humanwhocodes/retry': [ '0.4.3' ],
29 silly audit   '@img/colour': [ '1.0.0' ],
29 silly audit   '@img/sharp-darwin-arm64': [ '0.34.4' ],
29 silly audit   '@img/sharp-darwin-x64': [ '0.34.4' ],
29 silly audit   '@img/sharp-libvips-darwin-arm64': [ '1.2.3' ],
29 silly audit   '@img/sharp-libvips-darwin-x64': [ '1.2.3' ],
29 silly audit   '@img/sharp-libvips-linux-arm': [ '1.2.3' ],
29 silly audit   '@img/sharp-libvips-linux-arm64': [ '1.2.3' ],
29 silly audit   '@img/sharp-libvips-linux-ppc64': [ '1.2.3' ],
29 silly audit   '@img/sharp-libvips-linux-s390x': [ '1.2.3' ],
29 silly audit   '@img/sharp-libvips-linux-x64': [ '1.2.3' ],
29 silly audit   '@img/sharp-libvips-linuxmusl-arm64': [ '1.2.3' ],
29 silly audit   '@img/sharp-libvips-linuxmusl-x64': [ '1.2.3' ],
29 silly audit   '@img/sharp-linux-arm': [ '0.34.4' ],
29 silly audit   '@img/sharp-linux-arm64': [ '0.34.4' ],
29 silly audit   '@img/sharp-linux-ppc64': [ '0.34.4' ],
29 silly audit   '@img/sharp-linux-s390x': [ '0.34.4' ],
29 silly audit   '@img/sharp-linux-x64': [ '0.34.4' ],
29 silly audit   '@img/sharp-linuxmusl-arm64': [ '0.34.4' ],
29 silly audit   '@img/sharp-linuxmusl-x64': [ '0.34.4' ],
29 silly audit   '@img/sharp-wasm32': [ '0.34.4' ],
29 silly audit   '@img/sharp-win32-arm64': [ '0.34.4' ],
29 silly audit   '@img/sharp-win32-ia32': [ '0.34.4' ],
29 silly audit   '@img/sharp-win32-x64': [ '0.34.4' ],
29 silly audit   '@isaacs/fs-minipass': [ '4.0.1' ],
29 silly audit   '@jridgewell/gen-mapping': [ '0.3.13' ],
29 silly audit   '@jridgewell/remapping': [ '2.3.5' ],
29 silly audit   '@jridgewell/resolve-uri': [ '3.1.2' ],
29 silly audit   '@jridgewell/sourcemap-codec': [ '1.5.5' ],
29 silly audit   '@jridgewell/trace-mapping': [ '0.3.31' ],
29 silly audit   '@napi-rs/wasm-runtime': [ '0.2.12' ],
29 silly audit   '@next/env': [ '15.5.3' ],
29 silly audit   '@next/eslint-plugin-next': [ '15.5.3' ],
29 silly audit   '@next/swc-darwin-arm64': [ '15.5.3' ],
29 silly audit   '@next/swc-darwin-x64': [ '15.5.3' ],
29 silly audit   '@next/swc-linux-arm64-gnu': [ '15.5.3' ],
29 silly audit   '@next/swc-linux-arm64-musl': [ '15.5.3' ],
29 silly audit   '@next/swc-linux-x64-gnu': [ '15.5.3' ],
29 silly audit   '@next/swc-linux-x64-musl': [ '15.5.3' ],
29 silly audit   '@next/swc-win32-arm64-msvc': [ '15.5.3' ],
29 silly audit   '@next/swc-win32-x64-msvc': [ '15.5.3' ],
29 silly audit   '@nodelib/fs.scandir': [ '2.1.5' ],
29 silly audit   '@nodelib/fs.stat': [ '2.0.5' ],
29 silly audit   '@nodelib/fs.walk': [ '1.2.8' ],
29 silly audit   '@nolyfill/is-core-module': [ '1.0.39' ],
29 silly audit   '@radix-ui/react-compose-refs': [ '1.1.2' ],
29 silly audit   '@radix-ui/react-primitive': [ '2.1.3' ],
29 silly audit   '@radix-ui/react-separator': [ '1.1.7' ],
29 silly audit   '@radix-ui/react-slot': [ '1.2.3' ],
29 silly audit   '@rtsao/scc': [ '1.1.0' ],
29 silly audit   '@rushstack/eslint-patch': [ '1.12.0' ],
29 silly audit   '@swc/helpers': [ '0.5.15' ],
29 silly audit   '@tailwindcss/node': [ '4.1.13' ],
29 silly audit   '@tailwindcss/oxide': [ '4.1.13' ],
29 silly audit   '@tailwindcss/oxide-android-arm64': [ '4.1.13' ],
29 silly audit   '@tailwindcss/oxide-darwin-arm64': [ '4.1.13' ],
29 silly audit   '@tailwindcss/oxide-darwin-x64': [ '4.1.13' ],
29 silly audit   '@tailwindcss/oxide-freebsd-x64': [ '4.1.13' ],
29 silly audit   '@tailwindcss/oxide-linux-arm-gnueabihf': [ '4.1.13' ],
29 silly audit   '@tailwindcss/oxide-linux-arm64-gnu': [ '4.1.13' ],
29 silly audit   '@tailwindcss/oxide-linux-arm64-musl': [ '4.1.13' ],
29 silly audit   '@tailwindcss/oxide-linux-x64-gnu': [ '4.1.13' ],
29 silly audit   '@tailwindcss/oxide-linux-x64-musl': [ '4.1.13' ],
29 silly audit   '@tailwindcss/oxide-win32-arm64-msvc': [ '4.1.13' ],
29 silly audit   '@tailwindcss/oxide-win32-x64-msvc': [ '4.1.13' ],
29 silly audit   '@tailwindcss/postcss': [ '4.1.13' ],
29 silly audit   '@tybys/wasm-util': [ '0.10.1' ],
29 silly audit   '@types/estree': [ '1.0.8' ],
29 silly audit   '@types/json-schema': [ '7.0.15' ],
29 silly audit   '@types/json5': [ '0.0.29' ],
29 silly audit   '@types/node': [ '20.19.17' ],
29 silly audit   '@types/react': [ '19.1.13' ],
29 silly audit   '@types/react-dom': [ '19.1.9' ],
29 silly audit   '@typescript-eslint/eslint-plugin': [ '8.44.0' ],
29 silly audit   ignore: [ '7.0.5', '5.3.2' ],
29 silly audit   '@typescript-eslint/parser': [ '8.44.0' ],
29 silly audit   '@typescript-eslint/project-service': [ '8.44.0' ],
29 silly audit   '@typescript-eslint/scope-manager': [ '8.44.0' ],
29 silly audit   '@typescript-eslint/tsconfig-utils': [ '8.44.0' ],
29 silly audit   '@typescript-eslint/type-utils': [ '8.44.0' ],
29 silly audit   '@typescript-eslint/types': [ '8.44.0' ],
29 silly audit   '@typescript-eslint/typescript-estree': [ '8.44.0' ],
29 silly audit   'brace-expansion': [ '2.0.2', '1.1.12' ],
29 silly audit   'fast-glob': [ '3.3.3', '3.3.1' ],
29 silly audit   'glob-parent': [ '5.1.2', '6.0.2' ],
29 silly audit   minimatch: [ '9.0.5', '3.1.2' ],
29 silly audit   '@typescript-eslint/utils': [ '8.44.0' ],
29 silly audit   '@typescript-eslint/visitor-keys': [ '8.44.0' ],
29 silly audit   '@unrs/resolver-binding-android-arm-eabi': [ '1.11.1' ],
29 silly audit   '@unrs/resolver-binding-android-arm64': [ '1.11.1' ],
29 silly audit   '@unrs/resolver-binding-darwin-arm64': [ '1.11.1' ],
29 silly audit   '@unrs/resolver-binding-darwin-x64': [ '1.11.1' ],
29 silly audit   '@unrs/resolver-binding-freebsd-x64': [ '1.11.1' ],
29 silly audit   '@unrs/resolver-binding-linux-arm-gnueabihf': [ '1.11.1' ],
29 silly audit   '@unrs/resolver-binding-linux-arm-musleabihf': [ '1.11.1' ],
29 silly audit   '@unrs/resolver-binding-linux-arm64-gnu': [ '1.11.1' ],
29 silly audit   '@unrs/resolver-binding-linux-arm64-musl': [ '1.11.1' ],
29 silly audit   '@unrs/resolver-binding-linux-ppc64-gnu': [ '1.11.1' ],
29 silly audit   '@unrs/resolver-binding-linux-riscv64-gnu': [ '1.11.1' ],
29 silly audit   '@unrs/resolver-binding-linux-riscv64-musl': [ '1.11.1' ],
29 silly audit   '@unrs/resolver-binding-linux-s390x-gnu': [ '1.11.1' ],
29 silly audit   '@unrs/resolver-binding-linux-x64-gnu': [ '1.11.1' ],
29 silly audit   '@unrs/resolver-binding-linux-x64-musl': [ '1.11.1' ],
29 silly audit   '@unrs/resolver-binding-wasm32-wasi': [ '1.11.1' ],
29 silly audit   '@unrs/resolver-binding-win32-arm64-msvc': [ '1.11.1' ],
29 silly audit   '@unrs/resolver-binding-win32-ia32-msvc': [ '1.11.1' ],
29 silly audit   '@unrs/resolver-binding-win32-x64-msvc': [ '1.11.1' ],
29 silly audit   acorn: [ '8.15.0' ],
29 silly audit   'acorn-jsx': [ '5.3.2' ],
29 silly audit   ajv: [ '6.12.6' ],
29 silly audit   'ansi-styles': [ '4.3.0' ],
29 silly audit   argparse: [ '2.0.1' ],
29 silly audit   'aria-query': [ '5.3.2' ],
29 silly audit   'array-buffer-byte-length': [ '1.0.2' ],
29 silly audit   'array-includes': [ '3.1.9' ],
29 silly audit   'array.prototype.findlast': [ '1.2.5' ],
29 silly audit   'array.prototype.findlastindex': [ '1.2.6' ],
29 silly audit   'array.prototype.flat': [ '1.3.3' ],
29 silly audit   'array.prototype.flatmap': [ '1.3.3' ],
29 silly audit   'array.prototype.tosorted': [ '1.1.4' ],
29 silly audit   'arraybuffer.prototype.slice': [ '1.0.4' ],
29 silly audit   'ast-types-flow': [ '0.0.8' ],
29 silly audit   'async-function': [ '1.0.0' ],
29 silly audit   'available-typed-arrays': [ '1.0.7' ],
29 silly audit   'axe-core': [ '4.10.3' ],
29 silly audit   'axobject-query': [ '4.1.0' ],
29 silly audit   'balanced-match': [ '1.0.2' ],
29 silly audit   braces: [ '3.0.3' ],
29 silly audit   'call-bind': [ '1.0.8' ],
29 silly audit   'call-bind-apply-helpers': [ '1.0.2' ],
29 silly audit   'call-bound': [ '1.0.4' ],
29 silly audit   callsites: [ '3.1.0' ],
29 silly audit   'caniuse-lite': [ '1.0.30001743' ],
29 silly audit   chalk: [ '4.1.2' ],
29 silly audit   chownr: [ '3.0.0' ],
29 silly audit   'class-variance-authority': [ '0.7.1' ],
29 silly audit   'client-only': [ '0.0.1' ],
29 silly audit   clsx: [ '2.1.1' ],
29 silly audit   'color-convert': [ '2.0.1' ],
29 silly audit   'color-name': [ '1.1.4' ],
29 silly audit   'concat-map': [ '0.0.1' ],
29 silly audit   'cross-spawn': [ '7.0.6' ],
29 silly audit   csstype: [ '3.1.3' ],
29 silly audit   'damerau-levenshtein': [ '1.0.8' ],
29 silly audit   'data-view-buffer': [ '1.0.2' ],
29 silly audit   'data-view-byte-length': [ '1.0.2' ],
29 silly audit   'data-view-byte-offset': [ '1.0.1' ],
29 silly audit   debug: [ '4.4.3', '3.2.7' ],
29 silly audit   'deep-is': [ '0.1.4' ],
29 silly audit   'define-data-property': [ '1.1.4' ],
29 silly audit   'define-properties': [ '1.2.1' ],
29 silly audit   'detect-libc': [ '2.1.0' ],
29 silly audit   doctrine: [ '2.1.0' ],
29 silly audit   'dunder-proto': [ '1.0.1' ],
29 silly audit   'emoji-regex': [ '9.2.2' ],
29 silly audit   'enhanced-resolve': [ '5.18.3' ],
29 silly audit   'es-abstract': [ '1.24.0' ],
29 silly audit   'es-define-property': [ '1.0.1' ],
29 silly audit   'es-errors': [ '1.3.0' ],
29 silly audit   'es-iterator-helpers': [ '1.2.1' ],
29 silly audit   'es-object-atoms': [ '1.1.1' ],
29 silly audit   'es-set-tostringtag': [ '2.1.0' ],
29 silly audit   'es-shim-unscopables': [ '1.1.0' ],
29 silly audit   'es-to-primitive': [ '1.3.0' ],
29 silly audit   'escape-string-regexp': [ '4.0.0' ],
29 silly audit   eslint: [ '9.36.0' ],
29 silly audit   'eslint-config-next': [ '15.5.3' ],
29 silly audit   'eslint-import-resolver-node': [ '0.3.9' ],
29 silly audit   'eslint-import-resolver-typescript': [ '3.10.1' ],
29 silly audit   'eslint-module-utils': [ '2.12.1' ],
29 silly audit   'eslint-plugin-import': [ '2.32.0' ],
29 silly audit   semver: [ '6.3.1', '7.7.2' ],
29 silly audit   'eslint-plugin-jsx-a11y': [ '6.10.2' ],
29 silly audit   'eslint-plugin-react': [ '7.37.5' ],
29 silly audit   'eslint-plugin-react-hooks': [ '5.2.0' ],
29 silly audit   resolve: [ '2.0.0-next.5', '1.22.10' ],
29 silly audit   'eslint-scope': [ '8.4.0' ],
29 silly audit   espree: [ '10.4.0' ],
29 silly audit   esquery: [ '1.6.0' ],
29 silly audit   esrecurse: [ '4.3.0' ],
29 silly audit   estraverse: [ '5.3.0' ],
29 silly audit   esutils: [ '2.0.3' ],
29 silly audit   'fast-deep-equal': [ '3.1.3' ],
29 silly audit   'fast-json-stable-stringify': [ '2.1.0' ],
29 silly audit   'fast-levenshtein': [ '2.0.6' ],
29 silly audit   fastq: [ '1.19.1' ],
29 silly audit   'file-entry-cache': [ '8.0.0' ],
29 silly audit   'fill-range': [ '7.1.1' ],
29 silly audit   'find-up': [ '5.0.0' ],
29 silly audit   'flat-cache': [ '4.0.1' ],
29 silly audit   flatted: [ '3.3.3' ],
29 silly audit   'for-each': [ '0.3.5' ],
29 silly audit   'framer-motion': [ '12.23.16' ],
29 silly audit   'function-bind': [ '1.1.2' ],
29 silly audit   'function.prototype.name': [ '1.1.8' ],
29 silly audit   'functions-have-names': [ '1.2.3' ],
29 silly audit   'get-intrinsic': [ '1.3.0' ],
29 silly audit   'get-proto': [ '1.0.1' ],
29 silly audit   'get-symbol-description': [ '1.1.0' ],
29 silly audit   'get-tsconfig': [ '4.10.1' ],
29 silly audit   globals: [ '14.0.0' ],
29 silly audit   globalthis: [ '1.0.4' ],
29 silly audit   gopd: [ '1.2.0' ],
29 silly audit   'graceful-fs': [ '4.2.11' ],
29 silly audit   graphemer: [ '1.4.0' ],
29 silly audit   'has-bigints': [ '1.1.0' ],
29 silly audit   'has-flag': [ '4.0.0' ],
29 silly audit   'has-property-descriptors': [ '1.0.2' ],
29 silly audit   'has-proto': [ '1.2.0' ],
29 silly audit   'has-symbols': [ '1.1.0' ],
29 silly audit   'has-tostringtag': [ '1.0.2' ],
29 silly audit   hasown: [ '2.0.2' ],
29 silly audit   'import-fresh': [ '3.3.1' ],
29 silly audit   imurmurhash: [ '0.1.4' ],
29 silly audit   'internal-slot': [ '1.1.0' ],
29 silly audit   'is-array-buffer': [ '3.0.5' ],
29 silly audit   'is-async-function': [ '2.1.1' ],
29 silly audit   'is-bigint': [ '1.1.0' ],
29 silly audit   'is-boolean-object': [ '1.2.2' ],
29 silly audit   'is-bun-module': [ '2.0.0' ],
29 silly audit   'is-callable': [ '1.2.7' ],
29 silly audit   'is-core-module': [ '2.16.1' ],
29 silly audit   'is-data-view': [ '1.0.2' ],
29 silly audit   'is-date-object': [ '1.1.0' ],
29 silly audit   'is-extglob': [ '2.1.1' ],
29 silly audit   'is-finalizationregistry': [ '1.1.1' ],
29 silly audit   'is-generator-function': [ '1.1.0' ],
29 silly audit   'is-glob': [ '4.0.3' ],
29 silly audit   'is-map': [ '2.0.3' ],
29 silly audit   'is-negative-zero': [ '2.0.3' ],
29 silly audit   'is-number': [ '7.0.0' ],
29 silly audit   'is-number-object': [ '1.1.1' ],
29 silly audit   'is-regex': [ '1.2.1' ],
29 silly audit   'is-set': [ '2.0.3' ],
29 silly audit   'is-shared-array-buffer': [ '1.0.4' ],
29 silly audit   'is-string': [ '1.1.1' ],
29 silly audit   'is-symbol': [ '1.1.1' ],
29 silly audit   'is-typed-array': [ '1.1.15' ],
29 silly audit   'is-weakmap': [ '2.0.2' ],
29 silly audit   'is-weakref': [ '1.1.1' ],
29 silly audit   'is-weakset': [ '2.0.4' ],
29 silly audit   isarray: [ '2.0.5' ],
29 silly audit   isexe: [ '2.0.0' ],
29 silly audit   'iterator.prototype': [ '1.1.5' ],
29 silly audit   jiti: [ '2.5.1' ],
29 silly audit   'js-tokens': [ '4.0.0' ],
29 silly audit   'js-yaml': [ '4.1.0' ],
29 silly audit   'json-buffer': [ '3.0.1' ],
29 silly audit   'json-schema-traverse': [ '0.4.1' ],
29 silly audit   'json-stable-stringify-without-jsonify': [ '1.0.1' ],
29 silly audit   json5: [ '1.0.2' ],
29 silly audit   'jsx-ast-utils': [ '3.3.5' ],
29 silly audit   keyv: [ '4.5.4' ],
29 silly audit   'language-subtag-registry': [ '0.3.23' ],
29 silly audit   'language-tags': [ '1.0.9' ],
29 silly audit   levn: [ '0.4.1' ],
29 silly audit   lightningcss: [ '1.30.1' ],
29 silly audit   'lightningcss-darwin-arm64': [ '1.30.1' ],
29 silly audit   'lightningcss-darwin-x64': [ '1.30.1' ],
29 silly audit   'lightningcss-freebsd-x64': [ '1.30.1' ],
29 silly audit   'lightningcss-linux-arm-gnueabihf': [ '1.30.1' ],
29 silly audit   'lightningcss-linux-arm64-gnu': [ '1.30.1' ],
29 silly audit   'lightningcss-linux-arm64-musl': [ '1.30.1' ],
29 silly audit   'lightningcss-linux-x64-gnu': [ '1.30.1' ],
29 silly audit   'lightningcss-linux-x64-musl': [ '1.30.1' ],
29 silly audit   'lightningcss-win32-arm64-msvc': [ '1.30.1' ],
29 silly audit   'lightningcss-win32-x64-msvc': [ '1.30.1' ],
29 silly audit   'locate-path': [ '6.0.0' ],
29 silly audit   'lodash.merge': [ '4.6.2' ],
29 silly audit   'loose-envify': [ '1.4.0' ],
29 silly audit   'lucide-react': [ '0.544.0' ],
29 silly audit   'magic-string': [ '0.30.19' ],
29 silly audit   'math-intrinsics': [ '1.1.0' ],
29 silly audit   merge2: [ '1.4.1' ],
29 silly audit   micromatch: [ '4.0.8' ],
29 silly audit   minimist: [ '1.2.8' ],
29 silly audit   minipass: [ '7.1.2' ],
29 silly audit   minizlib: [ '3.0.2' ],
29 silly audit   mkdirp: [ '3.0.1' ],
29 silly audit   'motion-dom': [ '12.23.12' ],
29 silly audit   'motion-utils': [ '12.23.6' ],
29 silly audit   ms: [ '2.1.3' ],
29 silly audit   nanoid: [ '3.3.11' ],
29 silly audit   'napi-postinstall': [ '0.3.3' ],
29 silly audit   'natural-compare': [ '1.4.0' ],
29 silly audit   next: [ '15.5.3' ],
29 silly audit   postcss: [ '8.4.31', '8.5.6' ],
29 silly audit   'object-assign': [ '4.1.1' ],
29 silly audit   'object-inspect': [ '1.13.4' ],
29 silly audit   'object-keys': [ '1.1.1' ],
29 silly audit   'object.assign': [ '4.1.7' ],
29 silly audit   'object.entries': [ '1.1.9' ],
29 silly audit   'object.fromentries': [ '2.0.8' ],
29 silly audit   'object.groupby': [ '1.0.3' ],
29 silly audit   'object.values': [ '1.2.1' ],
29 silly audit   optionator: [ '0.9.4' ],
29 silly audit   'own-keys': [ '1.0.1' ],
29 silly audit   'p-limit': [ '3.1.0' ],
29 silly audit   'p-locate': [ '5.0.0' ],
29 silly audit   'parent-module': [ '1.0.1' ],
29 silly audit   'path-exists': [ '4.0.0' ],
29 silly audit   'path-key': [ '3.1.1' ],
29 silly audit   'path-parse': [ '1.0.7' ],
29 silly audit   picocolors: [ '1.1.1' ],
29 silly audit   picomatch: [ '2.3.1', '4.0.3' ],
29 silly audit   'possible-typed-array-names': [ '1.1.0' ],
29 silly audit   'prelude-ls': [ '1.2.1' ],
29 silly audit   'prop-types': [ '15.8.1' ],
29 silly audit   punycode: [ '2.3.1' ],
29 silly audit   'queue-microtask': [ '1.2.3' ],
29 silly audit   react: [ '19.1.0' ],
29 silly audit   'react-dom': [ '19.1.0' ],
29 silly audit   'react-is': [ '16.13.1' ],
29 silly audit   'reflect.getprototypeof': [ '1.0.10' ],
29 silly audit   'regexp.prototype.flags': [ '1.5.4' ],
29 silly audit   'resolve-from': [ '4.0.0' ],
29 silly audit   'resolve-pkg-maps': [ '1.0.0' ],
29 silly audit   reusify: [ '1.1.0' ],
29 silly audit   'run-parallel': [ '1.2.0' ],
29 silly audit   'safe-array-concat': [ '1.1.3' ],
29 silly audit   'safe-push-apply': [ '1.0.0' ],
29 silly audit   'safe-regex-test': [ '1.1.0' ],
29 silly audit   scheduler: [ '0.26.0' ],
29 silly audit   'set-function-length': [ '1.2.2' ],
29 silly audit   'set-function-name': [ '2.0.2' ],
29 silly audit   'set-proto': [ '1.0.0' ],
29 silly audit   sharp: [ '0.34.4' ],
29 silly audit   'shebang-command': [ '2.0.0' ],
29 silly audit   'shebang-regex': [ '3.0.0' ],
29 silly audit   'side-channel': [ '1.1.0' ],
29 silly audit   'side-channel-list': [ '1.0.0' ],
29 silly audit   'side-channel-map': [ '1.0.1' ],
29 silly audit   'side-channel-weakmap': [ '1.0.2' ],
29 silly audit   'source-map-js': [ '1.2.1' ],
29 silly audit   'stable-hash': [ '0.0.5' ],
29 silly audit   'stop-iteration-iterator': [ '1.1.0' ],
29 silly audit   'string.prototype.includes': [ '2.0.1' ],
29 silly audit   'string.prototype.matchall': [ '4.0.12' ],
29 silly audit   'string.prototype.repeat': [ '1.0.0' ],
29 silly audit   'string.prototype.trim': [ '1.2.10' ],
29 silly audit   'string.prototype.trimend': [ '1.0.9' ],
29 silly audit   'string.prototype.trimstart': [ '1.0.8' ],
29 silly audit   'strip-bom': [ '3.0.0' ],
29 silly audit   'strip-json-comments': [ '3.1.1' ],
29 silly audit   'styled-jsx': [ '5.1.6' ],
29 silly audit   'supports-color': [ '7.2.0' ],
29 silly audit   'supports-preserve-symlinks-flag': [ '1.0.0' ],
29 silly audit   'tailwind-merge': [ '3.3.1' ],
29 silly audit   tailwindcss: [ '4.1.13' ],
29 silly audit   tapable: [ '2.2.3' ],
29 silly audit   tar: [ '7.4.3' ],
29 silly audit   tinyglobby: [ '0.2.15' ],
29 silly audit   fdir: [ '6.5.0' ],
29 silly audit   'to-regex-range': [ '5.0.1' ],
29 silly audit   'ts-api-utils': [ '2.1.0' ],
29 silly audit   'tsconfig-paths': [ '3.15.0' ],
29 silly audit   tslib: [ '2.8.1' ],
29 silly audit   'tw-animate-css': [ '1.3.8' ],
29 silly audit   'type-check': [ '0.4.0' ],
29 silly audit   'typed-array-buffer': [ '1.0.3' ],
29 silly audit   'typed-array-byte-length': [ '1.0.3' ],
29 silly audit   'typed-array-byte-offset': [ '1.0.4' ],
29 silly audit   'typed-array-length': [ '1.0.7' ],
29 silly audit   typescript: [ '5.9.2' ],
29 silly audit   'unbox-primitive': [ '1.1.0' ],
29 silly audit   'undici-types': [ '6.21.0' ],
29 silly audit   'unrs-resolver': [ '1.11.1' ],
29 silly audit   'uri-js': [ '4.4.1' ],
29 silly audit   which: [ '2.0.2' ],
29 silly audit   'which-boxed-primitive': [ '1.1.1' ],
29 silly audit   'which-builtin-type': [ '1.2.1' ],
29 silly audit   'which-collection': [ '1.0.2' ],
29 silly audit   'which-typed-array': [ '1.1.19' ],
29 silly audit   'word-wrap': [ '1.2.5' ],
29 silly audit   yallist: [ '5.0.0' ],
29 silly audit   'yocto-queue': [ '0.1.0' ],
29 silly audit   '@tailwindcss/oxide-wasm32-wasi': [ '4.1.13' ]
29 silly audit }
30 verbose reify failed optional dependency /Users/sa/Documents/Projects/yanissimo-website/node_modules/lightningcss-win32-x64-msvc
31 silly reify mark deleted [
31 silly reify   '/Users/sa/Documents/Projects/yanissimo-website/node_modules/lightningcss-win32-x64-msvc'
31 silly reify ]
32 verbose reify failed optional dependency /Users/sa/Documents/Projects/yanissimo-website/node_modules/lightningcss-win32-arm64-msvc
33 silly reify mark deleted [
33 silly reify   '/Users/sa/Documents/Projects/yanissimo-website/node_modules/lightningcss-win32-arm64-msvc'
33 silly reify ]
34 verbose reify failed optional dependency /Users/sa/Documents/Projects/yanissimo-website/node_modules/lightningcss-linux-x64-musl
35 silly reify mark deleted [
35 silly reify   '/Users/sa/Documents/Projects/yanissimo-website/node_modules/lightningcss-linux-x64-musl'
35 silly reify ]
36 verbose reify failed optional dependency /Users/sa/Documents/Projects/yanissimo-website/node_modules/lightningcss-linux-x64-gnu
37 silly reify mark deleted [
37 silly reify   '/Users/sa/Documents/Projects/yanissimo-website/node_modules/lightningcss-linux-x64-gnu'
37 silly reify ]
38 verbose reify failed optional dependency /Users/sa/Documents/Projects/yanissimo-website/node_modules/lightningcss-linux-arm64-musl
39 silly reify mark deleted [
39 silly reify   '/Users/sa/Documents/Projects/yanissimo-website/node_modules/lightningcss-linux-arm64-musl'
39 silly reify ]
40 verbose reify failed optional dependency /Users/sa/Documents/Projects/yanissimo-website/node_modules/lightningcss-linux-arm64-gnu
41 silly reify mark deleted [
41 silly reify   '/Users/sa/Documents/Projects/yanissimo-website/node_modules/lightningcss-linux-arm64-gnu'
41 silly reify ]
42 verbose reify failed optional dependency /Users/sa/Documents/Projects/yanissimo-website/node_modules/lightningcss-linux-arm-gnueabihf
43 silly reify mark deleted [
43 silly reify   '/Users/sa/Documents/Projects/yanissimo-website/node_modules/lightningcss-linux-arm-gnueabihf'
43 silly reify ]
44 verbose reify failed optional dependency /Users/sa/Documents/Projects/yanissimo-website/node_modules/lightningcss-freebsd-x64
45 silly reify mark deleted [
45 silly reify   '/Users/sa/Documents/Projects/yanissimo-website/node_modules/lightningcss-freebsd-x64'
45 silly reify ]
46 verbose reify failed optional dependency /Users/sa/Documents/Projects/yanissimo-website/node_modules/lightningcss-darwin-x64
47 silly reify mark deleted [
47 silly reify   '/Users/sa/Documents/Projects/yanissimo-website/node_modules/lightningcss-darwin-x64'
47 silly reify ]
48 verbose reify failed optional dependency /Users/sa/Documents/Projects/yanissimo-website/node_modules/@unrs/resolver-binding-win32-x64-msvc
49 silly reify mark deleted [
49 silly reify   '/Users/sa/Documents/Projects/yanissimo-website/node_modules/@unrs/resolver-binding-win32-x64-msvc'
49 silly reify ]
50 verbose reify failed optional dependency /Users/sa/Documents/Projects/yanissimo-website/node_modules/@unrs/resolver-binding-win32-ia32-msvc
51 silly reify mark deleted [
51 silly reify   '/Users/sa/Documents/Projects/yanissimo-website/node_modules/@unrs/resolver-binding-win32-ia32-msvc'
51 silly reify ]
52 verbose reify failed optional dependency /Users/sa/Documents/Projects/yanissimo-website/node_modules/@unrs/resolver-binding-win32-arm64-msvc
53 silly reify mark deleted [
53 silly reify   '/Users/sa/Documents/Projects/yanissimo-website/node_modules/@unrs/resolver-binding-win32-arm64-msvc'
53 silly reify ]
54 verbose reify failed optional dependency /Users/sa/Documents/Projects/yanissimo-website/node_modules/@unrs/resolver-binding-wasm32-wasi
55 silly reify mark deleted [
55 silly reify   '/Users/sa/Documents/Projects/yanissimo-website/node_modules/@unrs/resolver-binding-wasm32-wasi'
55 silly reify ]
56 verbose reify failed optional dependency /Users/sa/Documents/Projects/yanissimo-website/node_modules/@unrs/resolver-binding-linux-x64-musl
57 silly reify mark deleted [
57 silly reify   '/Users/sa/Documents/Projects/yanissimo-website/node_modules/@unrs/resolver-binding-linux-x64-musl'
57 silly reify ]
58 verbose reify failed optional dependency /Users/sa/Documents/Projects/yanissimo-website/node_modules/@unrs/resolver-binding-linux-x64-gnu
59 silly reify mark deleted [
59 silly reify   '/Users/sa/Documents/Projects/yanissimo-website/node_modules/@unrs/resolver-binding-linux-x64-gnu'
59 silly reify ]
60 verbose reify failed optional dependency /Users/sa/Documents/Projects/yanissimo-website/node_modules/@unrs/resolver-binding-linux-s390x-gnu
61 silly reify mark deleted [
61 silly reify   '/Users/sa/Documents/Projects/yanissimo-website/node_modules/@unrs/resolver-binding-linux-s390x-gnu'
61 silly reify ]
62 verbose reify failed optional dependency /Users/sa/Documents/Projects/yanissimo-website/node_modules/@unrs/resolver-binding-linux-riscv64-musl
63 silly reify mark deleted [
63 silly reify   '/Users/sa/Documents/Projects/yanissimo-website/node_modules/@unrs/resolver-binding-linux-riscv64-musl'
63 silly reify ]
64 verbose reify failed optional dependency /Users/sa/Documents/Projects/yanissimo-website/node_modules/@unrs/resolver-binding-linux-riscv64-gnu
65 silly reify mark deleted [
65 silly reify   '/Users/sa/Documents/Projects/yanissimo-website/node_modules/@unrs/resolver-binding-linux-riscv64-gnu'
65 silly reify ]
66 verbose reify failed optional dependency /Users/sa/Documents/Projects/yanissimo-website/node_modules/@unrs/resolver-binding-linux-ppc64-gnu
67 silly reify mark deleted [
67 silly reify   '/Users/sa/Documents/Projects/yanissimo-website/node_modules/@unrs/resolver-binding-linux-ppc64-gnu'
67 silly reify ]
68 verbose reify failed optional dependency /Users/sa/Documents/Projects/yanissimo-website/node_modules/@unrs/resolver-binding-linux-arm64-musl
69 silly reify mark deleted [
69 silly reify   '/Users/sa/Documents/Projects/yanissimo-website/node_modules/@unrs/resolver-binding-linux-arm64-musl'
69 silly reify ]
70 verbose reify failed optional dependency /Users/sa/Documents/Projects/yanissimo-website/node_modules/@unrs/resolver-binding-linux-arm64-gnu
71 silly reify mark deleted [
71 silly reify   '/Users/sa/Documents/Projects/yanissimo-website/node_modules/@unrs/resolver-binding-linux-arm64-gnu'
71 silly reify ]
72 verbose reify failed optional dependency /Users/sa/Documents/Projects/yanissimo-website/node_modules/@unrs/resolver-binding-linux-arm-musleabihf
73 silly reify mark deleted [
73 silly reify   '/Users/sa/Documents/Projects/yanissimo-website/node_modules/@unrs/resolver-binding-linux-arm-musleabihf'
73 silly reify ]
74 verbose reify failed optional dependency /Users/sa/Documents/Projects/yanissimo-website/node_modules/@unrs/resolver-binding-linux-arm-gnueabihf
75 silly reify mark deleted [
75 silly reify   '/Users/sa/Documents/Projects/yanissimo-website/node_modules/@unrs/resolver-binding-linux-arm-gnueabihf'
75 silly reify ]
76 verbose reify failed optional dependency /Users/sa/Documents/Projects/yanissimo-website/node_modules/@unrs/resolver-binding-freebsd-x64
77 silly reify mark deleted [
77 silly reify   '/Users/sa/Documents/Projects/yanissimo-website/node_modules/@unrs/resolver-binding-freebsd-x64'
77 silly reify ]
78 verbose reify failed optional dependency /Users/sa/Documents/Projects/yanissimo-website/node_modules/@unrs/resolver-binding-darwin-x64
79 silly reify mark deleted [
79 silly reify   '/Users/sa/Documents/Projects/yanissimo-website/node_modules/@unrs/resolver-binding-darwin-x64'
79 silly reify ]
80 verbose reify failed optional dependency /Users/sa/Documents/Projects/yanissimo-website/node_modules/@unrs/resolver-binding-android-arm64
81 silly reify mark deleted [
81 silly reify   '/Users/sa/Documents/Projects/yanissimo-website/node_modules/@unrs/resolver-binding-android-arm64'
81 silly reify ]
82 verbose reify failed optional dependency /Users/sa/Documents/Projects/yanissimo-website/node_modules/@unrs/resolver-binding-android-arm-eabi
83 silly reify mark deleted [
83 silly reify   '/Users/sa/Documents/Projects/yanissimo-website/node_modules/@unrs/resolver-binding-android-arm-eabi'
83 silly reify ]
84 verbose reify failed optional dependency /Users/sa/Documents/Projects/yanissimo-website/node_modules/@tailwindcss/oxide-win32-x64-msvc
85 silly reify mark deleted [
85 silly reify   '/Users/sa/Documents/Projects/yanissimo-website/node_modules/@tailwindcss/oxide-win32-x64-msvc'
85 silly reify ]
86 verbose reify failed optional dependency /Users/sa/Documents/Projects/yanissimo-website/node_modules/@tailwindcss/oxide-win32-arm64-msvc
87 silly reify mark deleted [
87 silly reify   '/Users/sa/Documents/Projects/yanissimo-website/node_modules/@tailwindcss/oxide-win32-arm64-msvc'
87 silly reify ]
88 verbose reify failed optional dependency /Users/sa/Documents/Projects/yanissimo-website/node_modules/@tailwindcss/oxide-linux-x64-musl
89 silly reify mark deleted [
89 silly reify   '/Users/sa/Documents/Projects/yanissimo-website/node_modules/@tailwindcss/oxide-linux-x64-musl'
89 silly reify ]
90 verbose reify failed optional dependency /Users/sa/Documents/Projects/yanissimo-website/node_modules/@tailwindcss/oxide-linux-x64-gnu
91 silly reify mark deleted [
91 silly reify   '/Users/sa/Documents/Projects/yanissimo-website/node_modules/@tailwindcss/oxide-linux-x64-gnu'
91 silly reify ]
92 verbose reify failed optional dependency /Users/sa/Documents/Projects/yanissimo-website/node_modules/@tailwindcss/oxide-linux-arm64-musl
93 silly reify mark deleted [
93 silly reify   '/Users/sa/Documents/Projects/yanissimo-website/node_modules/@tailwindcss/oxide-linux-arm64-musl'
93 silly reify ]
94 verbose reify failed optional dependency /Users/sa/Documents/Projects/yanissimo-website/node_modules/@tailwindcss/oxide-linux-arm64-gnu
95 silly reify mark deleted [
95 silly reify   '/Users/sa/Documents/Projects/yanissimo-website/node_modules/@tailwindcss/oxide-linux-arm64-gnu'
95 silly reify ]
96 verbose reify failed optional dependency /Users/sa/Documents/Projects/yanissimo-website/node_modules/@tailwindcss/oxide-linux-arm-gnueabihf
97 silly reify mark deleted [
97 silly reify   '/Users/sa/Documents/Projects/yanissimo-website/node_modules/@tailwindcss/oxide-linux-arm-gnueabihf'
97 silly reify ]
98 verbose reify failed optional dependency /Users/sa/Documents/Projects/yanissimo-website/node_modules/@tailwindcss/oxide-freebsd-x64
99 silly reify mark deleted [
99 silly reify   '/Users/sa/Documents/Projects/yanissimo-website/node_modules/@tailwindcss/oxide-freebsd-x64'
99 silly reify ]
100 verbose reify failed optional dependency /Users/sa/Documents/Projects/yanissimo-website/node_modules/@tailwindcss/oxide-darwin-x64
101 silly reify mark deleted [
101 silly reify   '/Users/sa/Documents/Projects/yanissimo-website/node_modules/@tailwindcss/oxide-darwin-x64'
101 silly reify ]
102 verbose reify failed optional dependency /Users/sa/Documents/Projects/yanissimo-website/node_modules/@tailwindcss/oxide-android-arm64
103 silly reify mark deleted [
103 silly reify   '/Users/sa/Documents/Projects/yanissimo-website/node_modules/@tailwindcss/oxide-android-arm64'
103 silly reify ]
104 verbose reify failed optional dependency /Users/sa/Documents/Projects/yanissimo-website/node_modules/@next/swc-win32-x64-msvc
105 silly reify mark deleted [
105 silly reify   '/Users/sa/Documents/Projects/yanissimo-website/node_modules/@next/swc-win32-x64-msvc'
105 silly reify ]
106 verbose reify failed optional dependency /Users/sa/Documents/Projects/yanissimo-website/node_modules/@next/swc-win32-arm64-msvc
107 silly reify mark deleted [
107 silly reify   '/Users/sa/Documents/Projects/yanissimo-website/node_modules/@next/swc-win32-arm64-msvc'
107 silly reify ]
108 verbose reify failed optional dependency /Users/sa/Documents/Projects/yanissimo-website/node_modules/@next/swc-linux-x64-musl
109 silly reify mark deleted [
109 silly reify   '/Users/sa/Documents/Projects/yanissimo-website/node_modules/@next/swc-linux-x64-musl'
109 silly reify ]
110 verbose reify failed optional dependency /Users/sa/Documents/Projects/yanissimo-website/node_modules/@next/swc-linux-x64-gnu
111 silly reify mark deleted [
111 silly reify   '/Users/sa/Documents/Projects/yanissimo-website/node_modules/@next/swc-linux-x64-gnu'
111 silly reify ]
112 verbose reify failed optional dependency /Users/sa/Documents/Projects/yanissimo-website/node_modules/@next/swc-linux-arm64-musl
113 silly reify mark deleted [
113 silly reify   '/Users/sa/Documents/Projects/yanissimo-website/node_modules/@next/swc-linux-arm64-musl'
113 silly reify ]
114 verbose reify failed optional dependency /Users/sa/Documents/Projects/yanissimo-website/node_modules/@next/swc-linux-arm64-gnu
115 silly reify mark deleted [
115 silly reify   '/Users/sa/Documents/Projects/yanissimo-website/node_modules/@next/swc-linux-arm64-gnu'
115 silly reify ]
116 verbose reify failed optional dependency /Users/sa/Documents/Projects/yanissimo-website/node_modules/@next/swc-darwin-x64
117 silly reify mark deleted [
117 silly reify   '/Users/sa/Documents/Projects/yanissimo-website/node_modules/@next/swc-darwin-x64'
117 silly reify ]
118 verbose reify failed optional dependency /Users/sa/Documents/Projects/yanissimo-website/node_modules/@img/sharp-win32-x64
119 silly reify mark deleted [
119 silly reify   '/Users/sa/Documents/Projects/yanissimo-website/node_modules/@img/sharp-win32-x64'
119 silly reify ]
120 verbose reify failed optional dependency /Users/sa/Documents/Projects/yanissimo-website/node_modules/@img/sharp-win32-ia32
121 silly reify mark deleted [
121 silly reify   '/Users/sa/Documents/Projects/yanissimo-website/node_modules/@img/sharp-win32-ia32'
121 silly reify ]
122 verbose reify failed optional dependency /Users/sa/Documents/Projects/yanissimo-website/node_modules/@img/sharp-win32-arm64
123 silly reify mark deleted [
123 silly reify   '/Users/sa/Documents/Projects/yanissimo-website/node_modules/@img/sharp-win32-arm64'
123 silly reify ]
124 verbose reify failed optional dependency /Users/sa/Documents/Projects/yanissimo-website/node_modules/@img/sharp-wasm32
125 silly reify mark deleted [
125 silly reify   '/Users/sa/Documents/Projects/yanissimo-website/node_modules/@img/sharp-wasm32'
125 silly reify ]
126 verbose reify failed optional dependency /Users/sa/Documents/Projects/yanissimo-website/node_modules/@img/sharp-linuxmusl-x64
127 silly reify mark deleted [
127 silly reify   '/Users/sa/Documents/Projects/yanissimo-website/node_modules/@img/sharp-linuxmusl-x64'
127 silly reify ]
128 verbose reify failed optional dependency /Users/sa/Documents/Projects/yanissimo-website/node_modules/@img/sharp-linuxmusl-arm64
129 silly reify mark deleted [
129 silly reify   '/Users/sa/Documents/Projects/yanissimo-website/node_modules/@img/sharp-linuxmusl-arm64'
129 silly reify ]
130 verbose reify failed optional dependency /Users/sa/Documents/Projects/yanissimo-website/node_modules/@img/sharp-linux-x64
131 silly reify mark deleted [
131 silly reify   '/Users/sa/Documents/Projects/yanissimo-website/node_modules/@img/sharp-linux-x64'
131 silly reify ]
132 verbose reify failed optional dependency /Users/sa/Documents/Projects/yanissimo-website/node_modules/@img/sharp-linux-s390x
133 silly reify mark deleted [
133 silly reify   '/Users/sa/Documents/Projects/yanissimo-website/node_modules/@img/sharp-linux-s390x'
133 silly reify ]
134 verbose reify failed optional dependency /Users/sa/Documents/Projects/yanissimo-website/node_modules/@img/sharp-linux-ppc64
135 silly reify mark deleted [
135 silly reify   '/Users/sa/Documents/Projects/yanissimo-website/node_modules/@img/sharp-linux-ppc64'
135 silly reify ]
136 verbose reify failed optional dependency /Users/sa/Documents/Projects/yanissimo-website/node_modules/@img/sharp-linux-arm64
137 silly reify mark deleted [
137 silly reify   '/Users/sa/Documents/Projects/yanissimo-website/node_modules/@img/sharp-linux-arm64'
137 silly reify ]
138 verbose reify failed optional dependency /Users/sa/Documents/Projects/yanissimo-website/node_modules/@img/sharp-linux-arm
139 silly reify mark deleted [
139 silly reify   '/Users/sa/Documents/Projects/yanissimo-website/node_modules/@img/sharp-linux-arm'
139 silly reify ]
140 verbose reify failed optional dependency /Users/sa/Documents/Projects/yanissimo-website/node_modules/@img/sharp-libvips-linuxmusl-x64
141 silly reify mark deleted [
141 silly reify   '/Users/sa/Documents/Projects/yanissimo-website/node_modules/@img/sharp-libvips-linuxmusl-x64'
141 silly reify ]
142 verbose reify failed optional dependency /Users/sa/Documents/Projects/yanissimo-website/node_modules/@img/sharp-libvips-linuxmusl-arm64
143 silly reify mark deleted [
143 silly reify   '/Users/sa/Documents/Projects/yanissimo-website/node_modules/@img/sharp-libvips-linuxmusl-arm64'
143 silly reify ]
144 verbose reify failed optional dependency /Users/sa/Documents/Projects/yanissimo-website/node_modules/@img/sharp-libvips-linux-x64
145 silly reify mark deleted [
145 silly reify   '/Users/sa/Documents/Projects/yanissimo-website/node_modules/@img/sharp-libvips-linux-x64'
145 silly reify ]
146 verbose reify failed optional dependency /Users/sa/Documents/Projects/yanissimo-website/node_modules/@img/sharp-libvips-linux-s390x
147 silly reify mark deleted [
147 silly reify   '/Users/sa/Documents/Projects/yanissimo-website/node_modules/@img/sharp-libvips-linux-s390x'
147 silly reify ]
148 verbose reify failed optional dependency /Users/sa/Documents/Projects/yanissimo-website/node_modules/@img/sharp-libvips-linux-ppc64
149 silly reify mark deleted [
149 silly reify   '/Users/sa/Documents/Projects/yanissimo-website/node_modules/@img/sharp-libvips-linux-ppc64'
149 silly reify ]
150 verbose reify failed optional dependency /Users/sa/Documents/Projects/yanissimo-website/node_modules/@img/sharp-libvips-linux-arm64
151 silly reify mark deleted [
151 silly reify   '/Users/sa/Documents/Projects/yanissimo-website/node_modules/@img/sharp-libvips-linux-arm64'
151 silly reify ]
152 verbose reify failed optional dependency /Users/sa/Documents/Projects/yanissimo-website/node_modules/@img/sharp-libvips-linux-arm
153 silly reify mark deleted [
153 silly reify   '/Users/sa/Documents/Projects/yanissimo-website/node_modules/@img/sharp-libvips-linux-arm'
153 silly reify ]
154 verbose reify failed optional dependency /Users/sa/Documents/Projects/yanissimo-website/node_modules/@img/sharp-libvips-darwin-x64
155 silly reify mark deleted [
155 silly reify   '/Users/sa/Documents/Projects/yanissimo-website/node_modules/@img/sharp-libvips-darwin-x64'
155 silly reify ]
156 verbose reify failed optional dependency /Users/sa/Documents/Projects/yanissimo-website/node_modules/@img/sharp-darwin-x64
157 silly reify mark deleted [
157 silly reify   '/Users/sa/Documents/Projects/yanissimo-website/node_modules/@img/sharp-darwin-x64'
157 silly reify ]
158 http fetch POST 200 https://registry.npmjs.org/-/npm/v1/security/advisories/bulk 506ms
159 silly audit report {}
160 silly ADD
161 silly ADD
162 silly ADD
163 silly ADD
164 silly ADD
165 silly ADD
166 silly ADD
167 silly ADD
168 silly ADD
169 silly ADD
170 silly ADD
171 silly ADD
172 silly ADD
173 silly ADD
174 silly ADD
175 silly ADD
176 silly ADD
177 silly ADD
178 silly ADD
179 silly ADD
180 silly ADD
181 silly ADD
182 silly ADD
183 silly ADD
184 silly ADD
185 silly ADD
186 silly ADD
187 silly ADD
188 silly ADD
189 silly ADD
190 silly ADD
191 silly ADD
192 silly ADD
193 silly ADD
194 silly ADD
195 silly ADD
196 silly ADD
197 silly ADD
198 silly ADD
199 silly ADD
200 silly ADD
201 silly ADD
202 silly ADD
203 silly ADD
204 silly ADD
205 silly ADD
206 silly ADD
207 silly ADD
208 silly ADD
209 silly ADD
210 silly ADD
211 silly ADD
212 silly ADD
213 silly ADD
214 silly ADD
215 silly ADD
216 silly ADD
217 silly ADD
218 silly ADD
219 silly ADD
220 silly ADD
221 silly ADD
222 silly ADD
223 silly ADD
224 silly ADD
225 silly REMOVE node_modules/@radix-ui/react-use-layout-effect
226 silly REMOVE node_modules/@radix-ui/react-use-controllable-state
227 silly REMOVE node_modules/@radix-ui/react-presence
228 silly REMOVE node_modules/@radix-ui/react-use-effect-event
229 silly REMOVE node_modules/@radix-ui/react-id
230 silly REMOVE node_modules/@radix-ui/react-direction
231 silly REMOVE node_modules/@radix-ui/react-context
232 silly REMOVE node_modules/@radix-ui/react-collection
233 silly REMOVE node_modules/@radix-ui/react-collapsible
234 silly REMOVE node_modules/@radix-ui/primitive
235 silly REMOVE node_modules/@radix-ui/react-accordion
236 verbose cwd /Users/sa/Documents/Projects/yanissimo-website
237 verbose os Darwin 24.0.0
238 verbose node v20.18.0
239 verbose npm  v10.8.2
240 verbose exit 0
241 info ok
