0 verbose cli /usr/local/bin/node /usr/local/lib/node_modules/npm/bin/npm-cli.js
1 info using npm@10.8.2
2 info using node@v20.18.0
3 silly config load:file:/usr/local/lib/node_modules/npm/npmrc
4 silly config load:file:/Users/sa/Documents/Projects/yanissimo-website/.npmrc
5 silly config load:file:/Users/sa/.npmrc
6 silly config load:file:/Users/sa/.npm-global/etc/npmrc
7 verbose title npm exec shadcn@latest add button accordion separator
8 verbose argv "exec" "--" "shadcn@latest" "add" "button" "accordion" "separator"
9 verbose logfile logs-max:10 dir:/Users/sa/Documents/Projects/yanissimo-website/.npm-cache/_logs/2025-09-20T12_50_43_332Z-
10 verbose logfile /Users/sa/Documents/Projects/yanissimo-website/.npm-cache/_logs/2025-09-20T12_50_43_332Z-debug-0.log
11 silly logfile done cleaning log files
12 silly packumentCache heap:2197815296 maxSize:549453824 maxEntrySize:274726912
13 http fetch GET 200 https://registry.npmjs.org/shadcn 219ms (cache revalidated)
14 silly packumentCache heap:2197815296 maxSize:549453824 maxEntrySize:274726912
15 silly packumentCache heap:2197815296 maxSize:549453824 maxEntrySize:274726912
16 verbose cwd /Users/sa/Documents/Projects/yanissimo-website
17 verbose os Darwin 24.0.0
18 verbose node v20.18.0
19 verbose npm  v10.8.2
20 verbose exit 0
21 info ok
